11-03-2022 11:27:31.094 [main] INFO 
				o.s.b.t.c.SpringBootTestContextBootstrapper.buildDefaultMergedContextConfiguration - Neither @ContextConfiguration nor @ContextHierarchy found for test class [com.nnk.springboot.RuleTests], using SpringBootContextLoader
11-03-2022 11:27:31.111 [main] INFO 
				o.s.t.c.s.AbstractContextLoader.generateDefaultLocations - Could not detect default resource locations for test class [com.nnk.springboot.RuleTests]: no resource found for suffixes {-context.xml, Context.groovy}.
11-03-2022 11:27:31.113 [main] INFO 
				o.s.t.c.s.AnnotationConfigContextLoaderUtils.detectDefaultConfigurationClasses - Could not detect default configuration classes for test class [com.nnk.springboot.RuleTests]: RuleTests does not declare any static, non-private, non-final, nested classes annotated with @Configuration.
11-03-2022 11:27:31.208 [main] INFO 
				o.s.b.t.c.SpringBootTestContextBootstrapper.getOrFindConfigurationClasses - Found @SpringBootConfiguration com.nnk.springboot.Application for test class com.nnk.springboot.RuleTests
11-03-2022 11:27:31.299 [main] INFO 
				o.s.b.t.c.SpringBootTestContextBootstrapper.getDefaultTestExecutionListenerClassNames - Loaded default TestExecutionListener class names from location [META-INF/spring.factories]: [org.springframework.boot.test.mock.mockito.MockitoTestExecutionListener, org.springframework.boot.test.mock.mockito.ResetMocksTestExecutionListener, org.springframework.boot.test.autoconfigure.restdocs.RestDocsTestExecutionListener, org.springframework.boot.test.autoconfigure.web.client.MockRestServiceServerResetTestExecutionListener, org.springframework.boot.test.autoconfigure.web.servlet.MockMvcPrintOnlyOnFailureTestExecutionListener, org.springframework.boot.test.autoconfigure.web.servlet.WebDriverTestExecutionListener, org.springframework.boot.test.autoconfigure.webservices.client.MockWebServiceServerTestExecutionListener, org.springframework.test.context.web.ServletTestExecutionListener, org.springframework.test.context.support.DirtiesContextBeforeModesTestExecutionListener, org.springframework.test.context.event.ApplicationEventsTestExecutionListener, org.springframework.test.context.support.DependencyInjectionTestExecutionListener, org.springframework.test.context.support.DirtiesContextTestExecutionListener, org.springframework.test.context.transaction.TransactionalTestExecutionListener, org.springframework.test.context.jdbc.SqlScriptsTestExecutionListener, org.springframework.test.context.event.EventPublishingTestExecutionListener]
11-03-2022 11:27:31.320 [main] INFO 
				o.s.b.t.c.SpringBootTestContextBootstrapper.getTestExecutionListeners - Using TestExecutionListeners: [org.springframework.test.context.web.ServletTestExecutionListener@460f76a6, org.springframework.test.context.support.DirtiesContextBeforeModesTestExecutionListener@55f3c410, org.springframework.test.context.event.ApplicationEventsTestExecutionListener@11acdc30, org.springframework.boot.test.mock.mockito.MockitoTestExecutionListener@770d4269, org.springframework.boot.test.autoconfigure.SpringBootDependencyInjectionTestExecutionListener@4a8ab068, org.springframework.test.context.support.DirtiesContextTestExecutionListener@1922e6d, org.springframework.test.context.transaction.TransactionalTestExecutionListener@76a82f33, org.springframework.test.context.jdbc.SqlScriptsTestExecutionListener@6bab2585, org.springframework.test.context.event.EventPublishingTestExecutionListener@74bdc168, org.springframework.boot.test.mock.mockito.ResetMocksTestExecutionListener@644c78d4, org.springframework.boot.test.autoconfigure.restdocs.RestDocsTestExecutionListener@532a02d9, org.springframework.boot.test.autoconfigure.web.client.MockRestServiceServerResetTestExecutionListener@611f8234, org.springframework.boot.test.autoconfigure.web.servlet.MockMvcPrintOnlyOnFailureTestExecutionListener@7bb3a9fe, org.springframework.boot.test.autoconfigure.web.servlet.WebDriverTestExecutionListener@7cbee484, org.springframework.boot.test.autoconfigure.webservices.client.MockWebServiceServerTestExecutionListener@7f811d00]
11-03-2022 11:27:31.338 [main] INFO 
				o.s.b.t.c.SpringBootTestContextBootstrapper.buildDefaultMergedContextConfiguration - Neither @ContextConfiguration nor @ContextHierarchy found for test class [com.nnk.springboot.TradeTests], using SpringBootContextLoader
11-03-2022 11:27:31.340 [main] INFO 
				o.s.t.c.s.AbstractContextLoader.generateDefaultLocations - Could not detect default resource locations for test class [com.nnk.springboot.TradeTests]: no resource found for suffixes {-context.xml, Context.groovy}.
11-03-2022 11:27:31.341 [main] INFO 
				o.s.t.c.s.AnnotationConfigContextLoaderUtils.detectDefaultConfigurationClasses - Could not detect default configuration classes for test class [com.nnk.springboot.TradeTests]: TradeTests does not declare any static, non-private, non-final, nested classes annotated with @Configuration.
11-03-2022 11:27:31.343 [main] INFO 
				o.s.b.t.c.SpringBootTestContextBootstrapper.getOrFindConfigurationClasses - Found @SpringBootConfiguration com.nnk.springboot.Application for test class com.nnk.springboot.TradeTests
11-03-2022 11:27:31.345 [main] INFO 
				o.s.b.t.c.SpringBootTestContextBootstrapper.getDefaultTestExecutionListenerClassNames - Loaded default TestExecutionListener class names from location [META-INF/spring.factories]: [org.springframework.boot.test.mock.mockito.MockitoTestExecutionListener, org.springframework.boot.test.mock.mockito.ResetMocksTestExecutionListener, org.springframework.boot.test.autoconfigure.restdocs.RestDocsTestExecutionListener, org.springframework.boot.test.autoconfigure.web.client.MockRestServiceServerResetTestExecutionListener, org.springframework.boot.test.autoconfigure.web.servlet.MockMvcPrintOnlyOnFailureTestExecutionListener, org.springframework.boot.test.autoconfigure.web.servlet.WebDriverTestExecutionListener, org.springframework.boot.test.autoconfigure.webservices.client.MockWebServiceServerTestExecutionListener, org.springframework.test.context.web.ServletTestExecutionListener, org.springframework.test.context.support.DirtiesContextBeforeModesTestExecutionListener, org.springframework.test.context.event.ApplicationEventsTestExecutionListener, org.springframework.test.context.support.DependencyInjectionTestExecutionListener, org.springframework.test.context.support.DirtiesContextTestExecutionListener, org.springframework.test.context.transaction.TransactionalTestExecutionListener, org.springframework.test.context.jdbc.SqlScriptsTestExecutionListener, org.springframework.test.context.event.EventPublishingTestExecutionListener]
11-03-2022 11:27:31.346 [main] INFO 
				o.s.b.t.c.SpringBootTestContextBootstrapper.getTestExecutionListeners - Using TestExecutionListeners: [org.springframework.test.context.web.ServletTestExecutionListener@724f138e, org.springframework.test.context.support.DirtiesContextBeforeModesTestExecutionListener@37eeec90, org.springframework.test.context.event.ApplicationEventsTestExecutionListener@32fe9d0a, org.springframework.boot.test.mock.mockito.MockitoTestExecutionListener@c9413d8, org.springframework.boot.test.autoconfigure.SpringBootDependencyInjectionTestExecutionListener@64da2a7, org.springframework.test.context.support.DirtiesContextTestExecutionListener@46074492, org.springframework.test.context.transaction.TransactionalTestExecutionListener@d78795, org.springframework.test.context.jdbc.SqlScriptsTestExecutionListener@2c715e84, org.springframework.test.context.event.EventPublishingTestExecutionListener@47428937, org.springframework.boot.test.mock.mockito.ResetMocksTestExecutionListener@3b9d6699, org.springframework.boot.test.autoconfigure.restdocs.RestDocsTestExecutionListener@7caa550, org.springframework.boot.test.autoconfigure.web.client.MockRestServiceServerResetTestExecutionListener@21694e53, org.springframework.boot.test.autoconfigure.web.servlet.MockMvcPrintOnlyOnFailureTestExecutionListener@72b16078, org.springframework.boot.test.autoconfigure.web.servlet.WebDriverTestExecutionListener@22c86919, org.springframework.boot.test.autoconfigure.webservices.client.MockWebServiceServerTestExecutionListener@70fab835]
11-03-2022 11:27:31.347 [main] INFO 
				o.s.b.t.c.SpringBootTestContextBootstrapper.buildDefaultMergedContextConfiguration - Neither @ContextConfiguration nor @ContextHierarchy found for test class [com.nnk.springboot.PasswordEncodeTest], using SpringBootContextLoader
11-03-2022 11:27:31.349 [main] INFO 
				o.s.t.c.s.AbstractContextLoader.generateDefaultLocations - Could not detect default resource locations for test class [com.nnk.springboot.PasswordEncodeTest]: no resource found for suffixes {-context.xml, Context.groovy}.
11-03-2022 11:27:31.349 [main] INFO 
				o.s.t.c.s.AnnotationConfigContextLoaderUtils.detectDefaultConfigurationClasses - Could not detect default configuration classes for test class [com.nnk.springboot.PasswordEncodeTest]: PasswordEncodeTest does not declare any static, non-private, non-final, nested classes annotated with @Configuration.
11-03-2022 11:27:31.351 [main] INFO 
				o.s.b.t.c.SpringBootTestContextBootstrapper.getOrFindConfigurationClasses - Found @SpringBootConfiguration com.nnk.springboot.Application for test class com.nnk.springboot.PasswordEncodeTest
11-03-2022 11:27:31.354 [main] INFO 
				o.s.b.t.c.SpringBootTestContextBootstrapper.getDefaultTestExecutionListenerClassNames - Loaded default TestExecutionListener class names from location [META-INF/spring.factories]: [org.springframework.boot.test.mock.mockito.MockitoTestExecutionListener, org.springframework.boot.test.mock.mockito.ResetMocksTestExecutionListener, org.springframework.boot.test.autoconfigure.restdocs.RestDocsTestExecutionListener, org.springframework.boot.test.autoconfigure.web.client.MockRestServiceServerResetTestExecutionListener, org.springframework.boot.test.autoconfigure.web.servlet.MockMvcPrintOnlyOnFailureTestExecutionListener, org.springframework.boot.test.autoconfigure.web.servlet.WebDriverTestExecutionListener, org.springframework.boot.test.autoconfigure.webservices.client.MockWebServiceServerTestExecutionListener, org.springframework.test.context.web.ServletTestExecutionListener, org.springframework.test.context.support.DirtiesContextBeforeModesTestExecutionListener, org.springframework.test.context.event.ApplicationEventsTestExecutionListener, org.springframework.test.context.support.DependencyInjectionTestExecutionListener, org.springframework.test.context.support.DirtiesContextTestExecutionListener, org.springframework.test.context.transaction.TransactionalTestExecutionListener, org.springframework.test.context.jdbc.SqlScriptsTestExecutionListener, org.springframework.test.context.event.EventPublishingTestExecutionListener]
11-03-2022 11:27:31.354 [main] INFO 
				o.s.b.t.c.SpringBootTestContextBootstrapper.getTestExecutionListeners - Using TestExecutionListeners: [org.springframework.test.context.web.ServletTestExecutionListener@32057e6, org.springframework.test.context.support.DirtiesContextBeforeModesTestExecutionListener@26be6ca7, org.springframework.test.context.event.ApplicationEventsTestExecutionListener@6ea1bcdc, org.springframework.boot.test.mock.mockito.MockitoTestExecutionListener@759fad4, org.springframework.boot.test.autoconfigure.SpringBootDependencyInjectionTestExecutionListener@64712be, org.springframework.test.context.support.DirtiesContextTestExecutionListener@53499d85, org.springframework.test.context.transaction.TransactionalTestExecutionListener@30ed9c6c, org.springframework.test.context.jdbc.SqlScriptsTestExecutionListener@782a4fff, org.springframework.test.context.event.EventPublishingTestExecutionListener@46c670a6, org.springframework.boot.test.mock.mockito.ResetMocksTestExecutionListener@59fc684e, org.springframework.boot.test.autoconfigure.restdocs.RestDocsTestExecutionListener@5ae81e1, org.springframework.boot.test.autoconfigure.web.client.MockRestServiceServerResetTestExecutionListener@2fd1731c, org.springframework.boot.test.autoconfigure.web.servlet.MockMvcPrintOnlyOnFailureTestExecutionListener@5ae76500, org.springframework.boot.test.autoconfigure.web.servlet.WebDriverTestExecutionListener@6063d80a, org.springframework.boot.test.autoconfigure.webservices.client.MockWebServiceServerTestExecutionListener@1133ec6e]
11-03-2022 11:27:31.356 [main] INFO 
				o.s.b.t.c.SpringBootTestContextBootstrapper.buildDefaultMergedContextConfiguration - Neither @ContextConfiguration nor @ContextHierarchy found for test class [com.nnk.springboot.RatingTests], using SpringBootContextLoader
11-03-2022 11:27:31.357 [main] INFO 
				o.s.t.c.s.AbstractContextLoader.generateDefaultLocations - Could not detect default resource locations for test class [com.nnk.springboot.RatingTests]: no resource found for suffixes {-context.xml, Context.groovy}.
11-03-2022 11:27:31.358 [main] INFO 
				o.s.t.c.s.AnnotationConfigContextLoaderUtils.detectDefaultConfigurationClasses - Could not detect default configuration classes for test class [com.nnk.springboot.RatingTests]: RatingTests does not declare any static, non-private, non-final, nested classes annotated with @Configuration.
11-03-2022 11:27:31.359 [main] INFO 
				o.s.b.t.c.SpringBootTestContextBootstrapper.getOrFindConfigurationClasses - Found @SpringBootConfiguration com.nnk.springboot.Application for test class com.nnk.springboot.RatingTests
11-03-2022 11:27:31.361 [main] INFO 
				o.s.b.t.c.SpringBootTestContextBootstrapper.getDefaultTestExecutionListenerClassNames - Loaded default TestExecutionListener class names from location [META-INF/spring.factories]: [org.springframework.boot.test.mock.mockito.MockitoTestExecutionListener, org.springframework.boot.test.mock.mockito.ResetMocksTestExecutionListener, org.springframework.boot.test.autoconfigure.restdocs.RestDocsTestExecutionListener, org.springframework.boot.test.autoconfigure.web.client.MockRestServiceServerResetTestExecutionListener, org.springframework.boot.test.autoconfigure.web.servlet.MockMvcPrintOnlyOnFailureTestExecutionListener, org.springframework.boot.test.autoconfigure.web.servlet.WebDriverTestExecutionListener, org.springframework.boot.test.autoconfigure.webservices.client.MockWebServiceServerTestExecutionListener, org.springframework.test.context.web.ServletTestExecutionListener, org.springframework.test.context.support.DirtiesContextBeforeModesTestExecutionListener, org.springframework.test.context.event.ApplicationEventsTestExecutionListener, org.springframework.test.context.support.DependencyInjectionTestExecutionListener, org.springframework.test.context.support.DirtiesContextTestExecutionListener, org.springframework.test.context.transaction.TransactionalTestExecutionListener, org.springframework.test.context.jdbc.SqlScriptsTestExecutionListener, org.springframework.test.context.event.EventPublishingTestExecutionListener]
11-03-2022 11:27:31.362 [main] INFO 
				o.s.b.t.c.SpringBootTestContextBootstrapper.getTestExecutionListeners - Using TestExecutionListeners: [org.springframework.test.context.web.ServletTestExecutionListener@54709809, org.springframework.test.context.support.DirtiesContextBeforeModesTestExecutionListener@2a2da905, org.springframework.test.context.event.ApplicationEventsTestExecutionListener@24f360b2, org.springframework.boot.test.mock.mockito.MockitoTestExecutionListener@60cf80e7, org.springframework.boot.test.autoconfigure.SpringBootDependencyInjectionTestExecutionListener@302fec27, org.springframework.test.context.support.DirtiesContextTestExecutionListener@770d0ea6, org.springframework.test.context.transaction.TransactionalTestExecutionListener@48c40605, org.springframework.test.context.jdbc.SqlScriptsTestExecutionListener@54107f42, org.springframework.test.context.event.EventPublishingTestExecutionListener@1b11ef33, org.springframework.boot.test.mock.mockito.ResetMocksTestExecutionListener@476aac9, org.springframework.boot.test.autoconfigure.restdocs.RestDocsTestExecutionListener@6cea706c, org.springframework.boot.test.autoconfigure.web.client.MockRestServiceServerResetTestExecutionListener@3bd7f8dc, org.springframework.boot.test.autoconfigure.web.servlet.MockMvcPrintOnlyOnFailureTestExecutionListener@2f2bf0e2, org.springframework.boot.test.autoconfigure.web.servlet.WebDriverTestExecutionListener@1eba372c, org.springframework.boot.test.autoconfigure.webservices.client.MockWebServiceServerTestExecutionListener@21ec5d87]
11-03-2022 11:27:32.272 [main] INFO 
				com.nnk.springboot.RuleTests.logStarting - Starting RuleTests using Java 11 on DESKTOP-Q0H09QF with PID 10464 (started by Megaport in C:\dev\P7\JavaDA_PROJECT7_RESTAPI\Poseiden-skeleton)
11-03-2022 11:27:32.273 [main] INFO 
				com.nnk.springboot.RuleTests.logStartupProfileInfo - The following 1 profile is active: "test"
11-03-2022 11:27:32.283 [background-preinit] INFO 
				o.h.validator.internal.util.Version.<clinit> - HV000001: Hibernate Validator 6.2.2.Final
11-03-2022 11:27:33.046 [main] INFO 
				o.s.d.r.c.RepositoryConfigurationDelegate.registerRepositoriesIn - Bootstrapping Spring Data JPA repositories in DEFAULT mode.
11-03-2022 11:27:33.112 [main] INFO 
				o.s.d.r.c.RepositoryConfigurationDelegate.registerRepositoriesIn - Finished Spring Data repository scanning in 57 ms. Found 6 JPA repository interfaces.
11-03-2022 11:27:33.680 [main] INFO 
				o.h.jpa.internal.util.LogHelper.logPersistenceUnitInformation - HHH000204: Processing PersistenceUnitInfo [name: default]
11-03-2022 11:27:33.742 [main] INFO 
				org.hibernate.Version.logVersion - HHH000412: Hibernate ORM core version 5.6.5.Final
11-03-2022 11:27:33.790 [main] INFO 
				o.h.annotations.common.Version.<clinit> - HCANN000001: Hibernate Commons Annotations {5.1.2.Final}
11-03-2022 11:27:34.066 [main] INFO 
				com.zaxxer.hikari.HikariDataSource.getConnection - HikariPool-1 - Starting...
11-03-2022 11:27:34.239 [main] INFO 
				com.zaxxer.hikari.HikariDataSource.getConnection - HikariPool-1 - Start completed.
11-03-2022 11:27:34.256 [main] INFO 
				org.hibernate.dialect.Dialect.<init> - HHH000400: Using dialect: org.hibernate.dialect.H2Dialect
11-03-2022 11:27:34.889 [main] INFO 
				o.h.e.t.j.p.i.JtaPlatformInitiator.initiateService - HHH000490: Using JtaPlatform implementation: [org.hibernate.engine.transaction.jta.platform.internal.NoJtaPlatform]
11-03-2022 11:27:34.899 [main] INFO 
				o.s.o.j.LocalContainerEntityManagerFactoryBean.buildNativeEntityManagerFactory - Initialized JPA EntityManagerFactory for persistence unit 'default'
11-03-2022 11:27:35.566 [main] WARN 
				o.s.b.a.o.j.JpaBaseConfiguration$JpaWebConfiguration.openEntityManagerInViewInterceptor - spring.jpa.open-in-view is enabled by default. Therefore, database queries may be performed during view rendering. Explicitly configure spring.jpa.open-in-view to disable this warning
11-03-2022 11:27:36.159 [main] INFO 
				o.s.b.a.h.H2ConsoleAutoConfiguration.logDataSources - H2 console available at '/h2/'. Database available at 'jdbc:h2:mem:testdb'
11-03-2022 11:27:36.827 [main] INFO 
				o.s.b.a.e.web.EndpointLinksResolver.<init> - Exposing 1 endpoint(s) beneath base path '/actuator'
11-03-2022 11:27:36.873 [main] INFO 
				com.nnk.springboot.RuleTests.logStarted - Started RuleTests in 4.839 seconds (JVM running for 6.541)
11-03-2022 11:27:37.131 [SpringApplicationShutdownHook] INFO 
				o.s.o.j.LocalContainerEntityManagerFactoryBean.destroy - Closing JPA EntityManagerFactory for persistence unit 'default'
11-03-2022 11:27:37.133 [SpringApplicationShutdownHook] INFO 
				com.zaxxer.hikari.HikariDataSource.close - HikariPool-1 - Shutdown initiated...
11-03-2022 11:27:37.136 [SpringApplicationShutdownHook] INFO 
				com.zaxxer.hikari.HikariDataSource.close - HikariPool-1 - Shutdown completed.
11-03-2022 11:45:06.786 [main] INFO 
				o.s.b.t.c.SpringBootTestContextBootstrapper.buildDefaultMergedContextConfiguration - Neither @ContextConfiguration nor @ContextHierarchy found for test class [com.nnk.springboot.RuleTests], using SpringBootContextLoader
11-03-2022 11:45:06.798 [main] INFO 
				o.s.t.c.s.AbstractContextLoader.generateDefaultLocations - Could not detect default resource locations for test class [com.nnk.springboot.RuleTests]: no resource found for suffixes {-context.xml, Context.groovy}.
11-03-2022 11:45:06.799 [main] INFO 
				o.s.t.c.s.AnnotationConfigContextLoaderUtils.detectDefaultConfigurationClasses - Could not detect default configuration classes for test class [com.nnk.springboot.RuleTests]: RuleTests does not declare any static, non-private, non-final, nested classes annotated with @Configuration.
11-03-2022 11:45:06.954 [main] INFO 
				o.s.b.t.c.SpringBootTestContextBootstrapper.getOrFindConfigurationClasses - Found @SpringBootConfiguration com.nnk.springboot.Application for test class com.nnk.springboot.RuleTests
11-03-2022 11:45:07.096 [main] INFO 
				o.s.b.t.c.SpringBootTestContextBootstrapper.getDefaultTestExecutionListenerClassNames - Loaded default TestExecutionListener class names from location [META-INF/spring.factories]: [org.springframework.boot.test.mock.mockito.MockitoTestExecutionListener, org.springframework.boot.test.mock.mockito.ResetMocksTestExecutionListener, org.springframework.boot.test.autoconfigure.restdocs.RestDocsTestExecutionListener, org.springframework.boot.test.autoconfigure.web.client.MockRestServiceServerResetTestExecutionListener, org.springframework.boot.test.autoconfigure.web.servlet.MockMvcPrintOnlyOnFailureTestExecutionListener, org.springframework.boot.test.autoconfigure.web.servlet.WebDriverTestExecutionListener, org.springframework.boot.test.autoconfigure.webservices.client.MockWebServiceServerTestExecutionListener, org.springframework.test.context.web.ServletTestExecutionListener, org.springframework.test.context.support.DirtiesContextBeforeModesTestExecutionListener, org.springframework.test.context.event.ApplicationEventsTestExecutionListener, org.springframework.test.context.support.DependencyInjectionTestExecutionListener, org.springframework.test.context.support.DirtiesContextTestExecutionListener, org.springframework.test.context.transaction.TransactionalTestExecutionListener, org.springframework.test.context.jdbc.SqlScriptsTestExecutionListener, org.springframework.test.context.event.EventPublishingTestExecutionListener]
11-03-2022 11:45:07.122 [main] INFO 
				o.s.b.t.c.SpringBootTestContextBootstrapper.getTestExecutionListeners - Using TestExecutionListeners: [org.springframework.test.context.web.ServletTestExecutionListener@73c09a98, org.springframework.test.context.support.DirtiesContextBeforeModesTestExecutionListener@6f2bf657, org.springframework.test.context.event.ApplicationEventsTestExecutionListener@27d6467, org.springframework.boot.test.mock.mockito.MockitoTestExecutionListener@5bf1b528, org.springframework.boot.test.autoconfigure.SpringBootDependencyInjectionTestExecutionListener@2c92f094, org.springframework.test.context.support.DirtiesContextTestExecutionListener@1c3b221f, org.springframework.test.context.transaction.TransactionalTestExecutionListener@750c23a3, org.springframework.test.context.jdbc.SqlScriptsTestExecutionListener@238280df, org.springframework.test.context.event.EventPublishingTestExecutionListener@182fd26b, org.springframework.boot.test.mock.mockito.ResetMocksTestExecutionListener@5dc120ab, org.springframework.boot.test.autoconfigure.restdocs.RestDocsTestExecutionListener@49c4118b, org.springframework.boot.test.autoconfigure.web.client.MockRestServiceServerResetTestExecutionListener@7ef7f414, org.springframework.boot.test.autoconfigure.web.servlet.MockMvcPrintOnlyOnFailureTestExecutionListener@182dcd2b, org.springframework.boot.test.autoconfigure.web.servlet.WebDriverTestExecutionListener@4c3d72fd, org.springframework.boot.test.autoconfigure.webservices.client.MockWebServiceServerTestExecutionListener@259c6ab8]
11-03-2022 11:45:07.134 [main] INFO 
				o.s.b.t.c.SpringBootTestContextBootstrapper.buildDefaultMergedContextConfiguration - Neither @ContextConfiguration nor @ContextHierarchy found for test class [com.nnk.springboot.TradeTests], using SpringBootContextLoader
11-03-2022 11:45:07.135 [main] INFO 
				o.s.t.c.s.AbstractContextLoader.generateDefaultLocations - Could not detect default resource locations for test class [com.nnk.springboot.TradeTests]: no resource found for suffixes {-context.xml, Context.groovy}.
11-03-2022 11:45:07.135 [main] INFO 
				o.s.t.c.s.AnnotationConfigContextLoaderUtils.detectDefaultConfigurationClasses - Could not detect default configuration classes for test class [com.nnk.springboot.TradeTests]: TradeTests does not declare any static, non-private, non-final, nested classes annotated with @Configuration.
11-03-2022 11:45:07.138 [main] INFO 
				o.s.b.t.c.SpringBootTestContextBootstrapper.getOrFindConfigurationClasses - Found @SpringBootConfiguration com.nnk.springboot.Application for test class com.nnk.springboot.TradeTests
11-03-2022 11:45:07.140 [main] INFO 
				o.s.b.t.c.SpringBootTestContextBootstrapper.getDefaultTestExecutionListenerClassNames - Loaded default TestExecutionListener class names from location [META-INF/spring.factories]: [org.springframework.boot.test.mock.mockito.MockitoTestExecutionListener, org.springframework.boot.test.mock.mockito.ResetMocksTestExecutionListener, org.springframework.boot.test.autoconfigure.restdocs.RestDocsTestExecutionListener, org.springframework.boot.test.autoconfigure.web.client.MockRestServiceServerResetTestExecutionListener, org.springframework.boot.test.autoconfigure.web.servlet.MockMvcPrintOnlyOnFailureTestExecutionListener, org.springframework.boot.test.autoconfigure.web.servlet.WebDriverTestExecutionListener, org.springframework.boot.test.autoconfigure.webservices.client.MockWebServiceServerTestExecutionListener, org.springframework.test.context.web.ServletTestExecutionListener, org.springframework.test.context.support.DirtiesContextBeforeModesTestExecutionListener, org.springframework.test.context.event.ApplicationEventsTestExecutionListener, org.springframework.test.context.support.DependencyInjectionTestExecutionListener, org.springframework.test.context.support.DirtiesContextTestExecutionListener, org.springframework.test.context.transaction.TransactionalTestExecutionListener, org.springframework.test.context.jdbc.SqlScriptsTestExecutionListener, org.springframework.test.context.event.EventPublishingTestExecutionListener]
11-03-2022 11:45:07.141 [main] INFO 
				o.s.b.t.c.SpringBootTestContextBootstrapper.getTestExecutionListeners - Using TestExecutionListeners: [org.springframework.test.context.web.ServletTestExecutionListener@1c14d24d, org.springframework.test.context.support.DirtiesContextBeforeModesTestExecutionListener@28515443, org.springframework.test.context.event.ApplicationEventsTestExecutionListener@2eea4441, org.springframework.boot.test.mock.mockito.MockitoTestExecutionListener@1820f274, org.springframework.boot.test.autoconfigure.SpringBootDependencyInjectionTestExecutionListener@221cdd87, org.springframework.test.context.support.DirtiesContextTestExecutionListener@4d66cb, org.springframework.test.context.transaction.TransactionalTestExecutionListener@7c79f2cf, org.springframework.test.context.jdbc.SqlScriptsTestExecutionListener@63551c66, org.springframework.test.context.event.EventPublishingTestExecutionListener@2761156e, org.springframework.boot.test.mock.mockito.ResetMocksTestExecutionListener@4cf15477, org.springframework.boot.test.autoconfigure.restdocs.RestDocsTestExecutionListener@7fad28ac, org.springframework.boot.test.autoconfigure.web.client.MockRestServiceServerResetTestExecutionListener@3450bd13, org.springframework.boot.test.autoconfigure.web.servlet.MockMvcPrintOnlyOnFailureTestExecutionListener@1bb51492, org.springframework.boot.test.autoconfigure.web.servlet.WebDriverTestExecutionListener@5da1a97f, org.springframework.boot.test.autoconfigure.webservices.client.MockWebServiceServerTestExecutionListener@4b5f022f]
11-03-2022 11:45:07.143 [main] INFO 
				o.s.b.t.c.SpringBootTestContextBootstrapper.buildDefaultMergedContextConfiguration - Neither @ContextConfiguration nor @ContextHierarchy found for test class [com.nnk.springboot.PasswordEncodeTest], using SpringBootContextLoader
11-03-2022 11:45:07.144 [main] INFO 
				o.s.t.c.s.AbstractContextLoader.generateDefaultLocations - Could not detect default resource locations for test class [com.nnk.springboot.PasswordEncodeTest]: no resource found for suffixes {-context.xml, Context.groovy}.
11-03-2022 11:45:07.145 [main] INFO 
				o.s.t.c.s.AnnotationConfigContextLoaderUtils.detectDefaultConfigurationClasses - Could not detect default configuration classes for test class [com.nnk.springboot.PasswordEncodeTest]: PasswordEncodeTest does not declare any static, non-private, non-final, nested classes annotated with @Configuration.
11-03-2022 11:45:07.147 [main] INFO 
				o.s.b.t.c.SpringBootTestContextBootstrapper.getOrFindConfigurationClasses - Found @SpringBootConfiguration com.nnk.springboot.Application for test class com.nnk.springboot.PasswordEncodeTest
11-03-2022 11:45:07.149 [main] INFO 
				o.s.b.t.c.SpringBootTestContextBootstrapper.getDefaultTestExecutionListenerClassNames - Loaded default TestExecutionListener class names from location [META-INF/spring.factories]: [org.springframework.boot.test.mock.mockito.MockitoTestExecutionListener, org.springframework.boot.test.mock.mockito.ResetMocksTestExecutionListener, org.springframework.boot.test.autoconfigure.restdocs.RestDocsTestExecutionListener, org.springframework.boot.test.autoconfigure.web.client.MockRestServiceServerResetTestExecutionListener, org.springframework.boot.test.autoconfigure.web.servlet.MockMvcPrintOnlyOnFailureTestExecutionListener, org.springframework.boot.test.autoconfigure.web.servlet.WebDriverTestExecutionListener, org.springframework.boot.test.autoconfigure.webservices.client.MockWebServiceServerTestExecutionListener, org.springframework.test.context.web.ServletTestExecutionListener, org.springframework.test.context.support.DirtiesContextBeforeModesTestExecutionListener, org.springframework.test.context.event.ApplicationEventsTestExecutionListener, org.springframework.test.context.support.DependencyInjectionTestExecutionListener, org.springframework.test.context.support.DirtiesContextTestExecutionListener, org.springframework.test.context.transaction.TransactionalTestExecutionListener, org.springframework.test.context.jdbc.SqlScriptsTestExecutionListener, org.springframework.test.context.event.EventPublishingTestExecutionListener]
11-03-2022 11:45:07.150 [main] INFO 
				o.s.b.t.c.SpringBootTestContextBootstrapper.getTestExecutionListeners - Using TestExecutionListeners: [org.springframework.test.context.web.ServletTestExecutionListener@194eae3e, org.springframework.test.context.support.DirtiesContextBeforeModesTestExecutionListener@2ab39942, org.springframework.test.context.event.ApplicationEventsTestExecutionListener@64186f60, org.springframework.boot.test.mock.mockito.MockitoTestExecutionListener@de40aa1, org.springframework.boot.test.autoconfigure.SpringBootDependencyInjectionTestExecutionListener@61b76a7d, org.springframework.test.context.support.DirtiesContextTestExecutionListener@57f89680, org.springframework.test.context.transaction.TransactionalTestExecutionListener@70bc9070, org.springframework.test.context.jdbc.SqlScriptsTestExecutionListener@5d202dc4, org.springframework.test.context.event.EventPublishingTestExecutionListener@71e409f, org.springframework.boot.test.mock.mockito.ResetMocksTestExecutionListener@14c18a6a, org.springframework.boot.test.autoconfigure.restdocs.RestDocsTestExecutionListener@6aa792, org.springframework.boot.test.autoconfigure.web.client.MockRestServiceServerResetTestExecutionListener@5c78f456, org.springframework.boot.test.autoconfigure.web.servlet.MockMvcPrintOnlyOnFailureTestExecutionListener@29174dfe, org.springframework.boot.test.autoconfigure.web.servlet.WebDriverTestExecutionListener@319d106c, org.springframework.boot.test.autoconfigure.webservices.client.MockWebServiceServerTestExecutionListener@641e67fa]
11-03-2022 11:45:07.152 [main] INFO 
				o.s.b.t.c.SpringBootTestContextBootstrapper.buildDefaultMergedContextConfiguration - Neither @ContextConfiguration nor @ContextHierarchy found for test class [com.nnk.springboot.RatingTests], using SpringBootContextLoader
11-03-2022 11:45:07.153 [main] INFO 
				o.s.t.c.s.AbstractContextLoader.generateDefaultLocations - Could not detect default resource locations for test class [com.nnk.springboot.RatingTests]: no resource found for suffixes {-context.xml, Context.groovy}.
11-03-2022 11:45:07.153 [main] INFO 
				o.s.t.c.s.AnnotationConfigContextLoaderUtils.detectDefaultConfigurationClasses - Could not detect default configuration classes for test class [com.nnk.springboot.RatingTests]: RatingTests does not declare any static, non-private, non-final, nested classes annotated with @Configuration.
11-03-2022 11:45:07.155 [main] INFO 
				o.s.b.t.c.SpringBootTestContextBootstrapper.getOrFindConfigurationClasses - Found @SpringBootConfiguration com.nnk.springboot.Application for test class com.nnk.springboot.RatingTests
11-03-2022 11:45:07.157 [main] INFO 
				o.s.b.t.c.SpringBootTestContextBootstrapper.getDefaultTestExecutionListenerClassNames - Loaded default TestExecutionListener class names from location [META-INF/spring.factories]: [org.springframework.boot.test.mock.mockito.MockitoTestExecutionListener, org.springframework.boot.test.mock.mockito.ResetMocksTestExecutionListener, org.springframework.boot.test.autoconfigure.restdocs.RestDocsTestExecutionListener, org.springframework.boot.test.autoconfigure.web.client.MockRestServiceServerResetTestExecutionListener, org.springframework.boot.test.autoconfigure.web.servlet.MockMvcPrintOnlyOnFailureTestExecutionListener, org.springframework.boot.test.autoconfigure.web.servlet.WebDriverTestExecutionListener, org.springframework.boot.test.autoconfigure.webservices.client.MockWebServiceServerTestExecutionListener, org.springframework.test.context.web.ServletTestExecutionListener, org.springframework.test.context.support.DirtiesContextBeforeModesTestExecutionListener, org.springframework.test.context.event.ApplicationEventsTestExecutionListener, org.springframework.test.context.support.DependencyInjectionTestExecutionListener, org.springframework.test.context.support.DirtiesContextTestExecutionListener, org.springframework.test.context.transaction.TransactionalTestExecutionListener, org.springframework.test.context.jdbc.SqlScriptsTestExecutionListener, org.springframework.test.context.event.EventPublishingTestExecutionListener]
11-03-2022 11:45:07.158 [main] INFO 
				o.s.b.t.c.SpringBootTestContextBootstrapper.getTestExecutionListeners - Using TestExecutionListeners: [org.springframework.test.context.web.ServletTestExecutionListener@6cb43fd3, org.springframework.test.context.support.DirtiesContextBeforeModesTestExecutionListener@35f35c59, org.springframework.test.context.event.ApplicationEventsTestExecutionListener@2245ccaa, org.springframework.boot.test.mock.mockito.MockitoTestExecutionListener@22b10124, org.springframework.boot.test.autoconfigure.SpringBootDependencyInjectionTestExecutionListener@6f36e806, org.springframework.test.context.support.DirtiesContextTestExecutionListener@4088702d, org.springframework.test.context.transaction.TransactionalTestExecutionListener@4c24c40a, org.springframework.test.context.jdbc.SqlScriptsTestExecutionListener@6636448b, org.springframework.test.context.event.EventPublishingTestExecutionListener@3e18e693, org.springframework.boot.test.mock.mockito.ResetMocksTestExecutionListener@3d12f065, org.springframework.boot.test.autoconfigure.restdocs.RestDocsTestExecutionListener@57fc6759, org.springframework.boot.test.autoconfigure.web.client.MockRestServiceServerResetTestExecutionListener@33a7331, org.springframework.boot.test.autoconfigure.web.servlet.MockMvcPrintOnlyOnFailureTestExecutionListener@7aef21bb, org.springframework.boot.test.autoconfigure.web.servlet.WebDriverTestExecutionListener@50d4775b, org.springframework.boot.test.autoconfigure.webservices.client.MockWebServiceServerTestExecutionListener@642614b7]
11-03-2022 11:45:08.479 [main] INFO 
				com.nnk.springboot.RuleTests.logStarting - Starting RuleTests using Java 11 on DESKTOP-Q0H09QF with PID 4788 (started by Megaport in C:\dev\P7\JavaDA_PROJECT7_RESTAPI\Poseiden-skeleton)
11-03-2022 11:45:08.480 [main] INFO 
				com.nnk.springboot.RuleTests.logStartupProfileInfo - The following 1 profile is active: "test"
11-03-2022 11:45:08.487 [background-preinit] INFO 
				o.h.validator.internal.util.Version.<clinit> - HV000001: Hibernate Validator 6.2.2.Final
11-03-2022 11:45:09.455 [main] INFO 
				o.s.d.r.c.RepositoryConfigurationDelegate.registerRepositoriesIn - Bootstrapping Spring Data JPA repositories in DEFAULT mode.
11-03-2022 11:45:09.531 [main] INFO 
				o.s.d.r.c.RepositoryConfigurationDelegate.registerRepositoriesIn - Finished Spring Data repository scanning in 65 ms. Found 6 JPA repository interfaces.
11-03-2022 11:45:10.235 [main] INFO 
				o.h.jpa.internal.util.LogHelper.logPersistenceUnitInformation - HHH000204: Processing PersistenceUnitInfo [name: default]
11-03-2022 11:45:10.320 [main] INFO 
				org.hibernate.Version.logVersion - HHH000412: Hibernate ORM core version 5.6.5.Final
11-03-2022 11:45:10.383 [main] INFO 
				o.h.annotations.common.Version.<clinit> - HCANN000001: Hibernate Commons Annotations {5.1.2.Final}
11-03-2022 11:45:10.709 [main] INFO 
				com.zaxxer.hikari.HikariDataSource.getConnection - HikariPool-1 - Starting...
11-03-2022 11:45:11.081 [main] INFO 
				com.zaxxer.hikari.HikariDataSource.getConnection - HikariPool-1 - Start completed.
11-03-2022 11:45:11.112 [main] INFO 
				org.hibernate.dialect.Dialect.<init> - HHH000400: Using dialect: org.hibernate.dialect.H2Dialect
11-03-2022 11:45:12.108 [main] INFO 
				o.h.e.t.j.p.i.JtaPlatformInitiator.initiateService - HHH000490: Using JtaPlatform implementation: [org.hibernate.engine.transaction.jta.platform.internal.NoJtaPlatform]
11-03-2022 11:45:12.121 [main] INFO 
				o.s.o.j.LocalContainerEntityManagerFactoryBean.buildNativeEntityManagerFactory - Initialized JPA EntityManagerFactory for persistence unit 'default'
11-03-2022 11:45:12.975 [main] WARN 
				o.s.b.a.o.j.JpaBaseConfiguration$JpaWebConfiguration.openEntityManagerInViewInterceptor - spring.jpa.open-in-view is enabled by default. Therefore, database queries may be performed during view rendering. Explicitly configure spring.jpa.open-in-view to disable this warning
11-03-2022 11:45:13.714 [main] INFO 
				o.s.b.a.h.H2ConsoleAutoConfiguration.logDataSources - H2 console available at '/h2/'. Database available at 'jdbc:h2:mem:testdb'
11-03-2022 11:45:14.507 [main] INFO 
				o.s.b.a.e.web.EndpointLinksResolver.<init> - Exposing 1 endpoint(s) beneath base path '/actuator'
11-03-2022 11:45:14.557 [main] INFO 
				com.nnk.springboot.RuleTests.logStarted - Started RuleTests in 6.371 seconds (JVM running for 9.025)
11-03-2022 11:45:15.198 [SpringApplicationShutdownHook] INFO 
				o.s.o.j.LocalContainerEntityManagerFactoryBean.destroy - Closing JPA EntityManagerFactory for persistence unit 'default'
11-03-2022 11:45:15.204 [SpringApplicationShutdownHook] INFO 
				com.zaxxer.hikari.HikariDataSource.close - HikariPool-1 - Shutdown initiated...
11-03-2022 11:45:15.219 [SpringApplicationShutdownHook] INFO 
				com.zaxxer.hikari.HikariDataSource.close - HikariPool-1 - Shutdown completed.
11-03-2022 11:53:34.814 [main] INFO 
				o.s.b.t.c.SpringBootTestContextBootstrapper.buildDefaultMergedContextConfiguration - Neither @ContextConfiguration nor @ContextHierarchy found for test class [com.nnk.springboot.PasswordEncodeTest], using SpringBootContextLoader
11-03-2022 11:53:34.820 [main] INFO 
				o.s.t.c.s.AbstractContextLoader.generateDefaultLocations - Could not detect default resource locations for test class [com.nnk.springboot.PasswordEncodeTest]: no resource found for suffixes {-context.xml, Context.groovy}.
11-03-2022 11:53:34.821 [main] INFO 
				o.s.t.c.s.AnnotationConfigContextLoaderUtils.detectDefaultConfigurationClasses - Could not detect default configuration classes for test class [com.nnk.springboot.PasswordEncodeTest]: PasswordEncodeTest does not declare any static, non-private, non-final, nested classes annotated with @Configuration.
11-03-2022 11:53:34.907 [main] INFO 
				o.s.b.t.c.SpringBootTestContextBootstrapper.getOrFindConfigurationClasses - Found @SpringBootConfiguration com.nnk.springboot.Application for test class com.nnk.springboot.PasswordEncodeTest
11-03-2022 11:53:34.998 [main] INFO 
				o.s.b.t.c.SpringBootTestContextBootstrapper.getDefaultTestExecutionListenerClassNames - Loaded default TestExecutionListener class names from location [META-INF/spring.factories]: [org.springframework.boot.test.mock.mockito.MockitoTestExecutionListener, org.springframework.boot.test.mock.mockito.ResetMocksTestExecutionListener, org.springframework.boot.test.autoconfigure.restdocs.RestDocsTestExecutionListener, org.springframework.boot.test.autoconfigure.web.client.MockRestServiceServerResetTestExecutionListener, org.springframework.boot.test.autoconfigure.web.servlet.MockMvcPrintOnlyOnFailureTestExecutionListener, org.springframework.boot.test.autoconfigure.web.servlet.WebDriverTestExecutionListener, org.springframework.boot.test.autoconfigure.webservices.client.MockWebServiceServerTestExecutionListener, org.springframework.test.context.web.ServletTestExecutionListener, org.springframework.test.context.support.DirtiesContextBeforeModesTestExecutionListener, org.springframework.test.context.event.ApplicationEventsTestExecutionListener, org.springframework.test.context.support.DependencyInjectionTestExecutionListener, org.springframework.test.context.support.DirtiesContextTestExecutionListener, org.springframework.test.context.transaction.TransactionalTestExecutionListener, org.springframework.test.context.jdbc.SqlScriptsTestExecutionListener, org.springframework.test.context.event.EventPublishingTestExecutionListener]
11-03-2022 11:53:35.022 [main] INFO 
				o.s.b.t.c.SpringBootTestContextBootstrapper.getTestExecutionListeners - Using TestExecutionListeners: [org.springframework.test.context.web.ServletTestExecutionListener@4a9cc6cb, org.springframework.test.context.support.DirtiesContextBeforeModesTestExecutionListener@5990e6c5, org.springframework.test.context.event.ApplicationEventsTestExecutionListener@56e07a08, org.springframework.boot.test.mock.mockito.MockitoTestExecutionListener@35d6ca49, org.springframework.boot.test.autoconfigure.SpringBootDependencyInjectionTestExecutionListener@1950e8a6, org.springframework.test.context.support.DirtiesContextTestExecutionListener@47289387, org.springframework.test.context.transaction.TransactionalTestExecutionListener@12cd9150, org.springframework.test.context.jdbc.SqlScriptsTestExecutionListener@114a85c2, org.springframework.test.context.event.EventPublishingTestExecutionListener@f415a95, org.springframework.boot.test.mock.mockito.ResetMocksTestExecutionListener@cf65451, org.springframework.boot.test.autoconfigure.restdocs.RestDocsTestExecutionListener@724f138e, org.springframework.boot.test.autoconfigure.web.client.MockRestServiceServerResetTestExecutionListener@37eeec90, org.springframework.boot.test.autoconfigure.web.servlet.MockMvcPrintOnlyOnFailureTestExecutionListener@32fe9d0a, org.springframework.boot.test.autoconfigure.web.servlet.WebDriverTestExecutionListener@c9413d8, org.springframework.boot.test.autoconfigure.webservices.client.MockWebServiceServerTestExecutionListener@64da2a7]
11-03-2022 11:53:35.044 [main] INFO 
				o.s.b.t.c.SpringBootTestContextBootstrapper.buildDefaultMergedContextConfiguration - Neither @ContextConfiguration nor @ContextHierarchy found for test class [com.nnk.springboot.RatingTests], using SpringBootContextLoader
11-03-2022 11:53:35.045 [main] INFO 
				o.s.t.c.s.AbstractContextLoader.generateDefaultLocations - Could not detect default resource locations for test class [com.nnk.springboot.RatingTests]: no resource found for suffixes {-context.xml, Context.groovy}.
11-03-2022 11:53:35.045 [main] INFO 
				o.s.t.c.s.AnnotationConfigContextLoaderUtils.detectDefaultConfigurationClasses - Could not detect default configuration classes for test class [com.nnk.springboot.RatingTests]: RatingTests does not declare any static, non-private, non-final, nested classes annotated with @Configuration.
11-03-2022 11:53:35.047 [main] INFO 
				o.s.b.t.c.SpringBootTestContextBootstrapper.getOrFindConfigurationClasses - Found @SpringBootConfiguration com.nnk.springboot.Application for test class com.nnk.springboot.RatingTests
11-03-2022 11:53:35.050 [main] INFO 
				o.s.b.t.c.SpringBootTestContextBootstrapper.getDefaultTestExecutionListenerClassNames - Loaded default TestExecutionListener class names from location [META-INF/spring.factories]: [org.springframework.boot.test.mock.mockito.MockitoTestExecutionListener, org.springframework.boot.test.mock.mockito.ResetMocksTestExecutionListener, org.springframework.boot.test.autoconfigure.restdocs.RestDocsTestExecutionListener, org.springframework.boot.test.autoconfigure.web.client.MockRestServiceServerResetTestExecutionListener, org.springframework.boot.test.autoconfigure.web.servlet.MockMvcPrintOnlyOnFailureTestExecutionListener, org.springframework.boot.test.autoconfigure.web.servlet.WebDriverTestExecutionListener, org.springframework.boot.test.autoconfigure.webservices.client.MockWebServiceServerTestExecutionListener, org.springframework.test.context.web.ServletTestExecutionListener, org.springframework.test.context.support.DirtiesContextBeforeModesTestExecutionListener, org.springframework.test.context.event.ApplicationEventsTestExecutionListener, org.springframework.test.context.support.DependencyInjectionTestExecutionListener, org.springframework.test.context.support.DirtiesContextTestExecutionListener, org.springframework.test.context.transaction.TransactionalTestExecutionListener, org.springframework.test.context.jdbc.SqlScriptsTestExecutionListener, org.springframework.test.context.event.EventPublishingTestExecutionListener]
11-03-2022 11:53:35.051 [main] INFO 
				o.s.b.t.c.SpringBootTestContextBootstrapper.getTestExecutionListeners - Using TestExecutionListeners: [org.springframework.test.context.web.ServletTestExecutionListener@4cc547a, org.springframework.test.context.support.DirtiesContextBeforeModesTestExecutionListener@7555b920, org.springframework.test.context.event.ApplicationEventsTestExecutionListener@4152d38d, org.springframework.boot.test.mock.mockito.MockitoTestExecutionListener@3591009c, org.springframework.boot.test.autoconfigure.SpringBootDependencyInjectionTestExecutionListener@5398edd0, org.springframework.test.context.support.DirtiesContextTestExecutionListener@b5cc23a, org.springframework.test.context.transaction.TransactionalTestExecutionListener@5cc5b667, org.springframework.test.context.jdbc.SqlScriptsTestExecutionListener@61edc883, org.springframework.test.context.event.EventPublishingTestExecutionListener@758f4f03, org.springframework.boot.test.mock.mockito.ResetMocksTestExecutionListener@182f1e9a, org.springframework.boot.test.autoconfigure.restdocs.RestDocsTestExecutionListener@6928f576, org.springframework.boot.test.autoconfigure.web.client.MockRestServiceServerResetTestExecutionListener@660e9100, org.springframework.boot.test.autoconfigure.web.servlet.MockMvcPrintOnlyOnFailureTestExecutionListener@69f63d95, org.springframework.boot.test.autoconfigure.web.servlet.WebDriverTestExecutionListener@9cd25ff, org.springframework.boot.test.autoconfigure.webservices.client.MockWebServiceServerTestExecutionListener@27e0f2f5]
11-03-2022 11:53:35.055 [main] INFO 
				o.s.b.t.c.SpringBootTestContextBootstrapper.buildDefaultMergedContextConfiguration - Neither @ContextConfiguration nor @ContextHierarchy found for test class [com.nnk.springboot.RuleTests], using SpringBootContextLoader
11-03-2022 11:53:35.056 [main] INFO 
				o.s.t.c.s.AbstractContextLoader.generateDefaultLocations - Could not detect default resource locations for test class [com.nnk.springboot.RuleTests]: no resource found for suffixes {-context.xml, Context.groovy}.
11-03-2022 11:53:35.057 [main] INFO 
				o.s.t.c.s.AnnotationConfigContextLoaderUtils.detectDefaultConfigurationClasses - Could not detect default configuration classes for test class [com.nnk.springboot.RuleTests]: RuleTests does not declare any static, non-private, non-final, nested classes annotated with @Configuration.
11-03-2022 11:53:35.059 [main] INFO 
				o.s.b.t.c.SpringBootTestContextBootstrapper.getOrFindConfigurationClasses - Found @SpringBootConfiguration com.nnk.springboot.Application for test class com.nnk.springboot.RuleTests
11-03-2022 11:53:35.062 [main] INFO 
				o.s.b.t.c.SpringBootTestContextBootstrapper.getDefaultTestExecutionListenerClassNames - Loaded default TestExecutionListener class names from location [META-INF/spring.factories]: [org.springframework.boot.test.mock.mockito.MockitoTestExecutionListener, org.springframework.boot.test.mock.mockito.ResetMocksTestExecutionListener, org.springframework.boot.test.autoconfigure.restdocs.RestDocsTestExecutionListener, org.springframework.boot.test.autoconfigure.web.client.MockRestServiceServerResetTestExecutionListener, org.springframework.boot.test.autoconfigure.web.servlet.MockMvcPrintOnlyOnFailureTestExecutionListener, org.springframework.boot.test.autoconfigure.web.servlet.WebDriverTestExecutionListener, org.springframework.boot.test.autoconfigure.webservices.client.MockWebServiceServerTestExecutionListener, org.springframework.test.context.web.ServletTestExecutionListener, org.springframework.test.context.support.DirtiesContextBeforeModesTestExecutionListener, org.springframework.test.context.event.ApplicationEventsTestExecutionListener, org.springframework.test.context.support.DependencyInjectionTestExecutionListener, org.springframework.test.context.support.DirtiesContextTestExecutionListener, org.springframework.test.context.transaction.TransactionalTestExecutionListener, org.springframework.test.context.jdbc.SqlScriptsTestExecutionListener, org.springframework.test.context.event.EventPublishingTestExecutionListener]
11-03-2022 11:53:35.062 [main] INFO 
				o.s.b.t.c.SpringBootTestContextBootstrapper.getTestExecutionListeners - Using TestExecutionListeners: [org.springframework.test.context.web.ServletTestExecutionListener@61a002b1, org.springframework.test.context.support.DirtiesContextBeforeModesTestExecutionListener@4eeea57d, org.springframework.test.context.event.ApplicationEventsTestExecutionListener@780ec4a5, org.springframework.boot.test.mock.mockito.MockitoTestExecutionListener@e24ddd0, org.springframework.boot.test.autoconfigure.SpringBootDependencyInjectionTestExecutionListener@6f70f32f, org.springframework.test.context.support.DirtiesContextTestExecutionListener@548e76f1, org.springframework.test.context.transaction.TransactionalTestExecutionListener@5aabbb29, org.springframework.test.context.jdbc.SqlScriptsTestExecutionListener@72c927f1, org.springframework.test.context.event.EventPublishingTestExecutionListener@1ac85b0c, org.springframework.boot.test.mock.mockito.ResetMocksTestExecutionListener@3dd69f5a, org.springframework.boot.test.autoconfigure.restdocs.RestDocsTestExecutionListener@3aa3193a, org.springframework.boot.test.autoconfigure.web.client.MockRestServiceServerResetTestExecutionListener@1ee4730, org.springframework.boot.test.autoconfigure.web.servlet.MockMvcPrintOnlyOnFailureTestExecutionListener@59a67c3a, org.springframework.boot.test.autoconfigure.web.servlet.WebDriverTestExecutionListener@5003041b, org.springframework.boot.test.autoconfigure.webservices.client.MockWebServiceServerTestExecutionListener@724bade8]
11-03-2022 11:53:35.066 [main] INFO 
				o.s.b.t.c.SpringBootTestContextBootstrapper.buildDefaultMergedContextConfiguration - Neither @ContextConfiguration nor @ContextHierarchy found for test class [com.nnk.springboot.TradeTests], using SpringBootContextLoader
11-03-2022 11:53:35.067 [main] INFO 
				o.s.t.c.s.AbstractContextLoader.generateDefaultLocations - Could not detect default resource locations for test class [com.nnk.springboot.TradeTests]: no resource found for suffixes {-context.xml, Context.groovy}.
11-03-2022 11:53:35.067 [main] INFO 
				o.s.t.c.s.AnnotationConfigContextLoaderUtils.detectDefaultConfigurationClasses - Could not detect default configuration classes for test class [com.nnk.springboot.TradeTests]: TradeTests does not declare any static, non-private, non-final, nested classes annotated with @Configuration.
11-03-2022 11:53:35.069 [main] INFO 
				o.s.b.t.c.SpringBootTestContextBootstrapper.getOrFindConfigurationClasses - Found @SpringBootConfiguration com.nnk.springboot.Application for test class com.nnk.springboot.TradeTests
11-03-2022 11:53:35.071 [main] INFO 
				o.s.b.t.c.SpringBootTestContextBootstrapper.getDefaultTestExecutionListenerClassNames - Loaded default TestExecutionListener class names from location [META-INF/spring.factories]: [org.springframework.boot.test.mock.mockito.MockitoTestExecutionListener, org.springframework.boot.test.mock.mockito.ResetMocksTestExecutionListener, org.springframework.boot.test.autoconfigure.restdocs.RestDocsTestExecutionListener, org.springframework.boot.test.autoconfigure.web.client.MockRestServiceServerResetTestExecutionListener, org.springframework.boot.test.autoconfigure.web.servlet.MockMvcPrintOnlyOnFailureTestExecutionListener, org.springframework.boot.test.autoconfigure.web.servlet.WebDriverTestExecutionListener, org.springframework.boot.test.autoconfigure.webservices.client.MockWebServiceServerTestExecutionListener, org.springframework.test.context.web.ServletTestExecutionListener, org.springframework.test.context.support.DirtiesContextBeforeModesTestExecutionListener, org.springframework.test.context.event.ApplicationEventsTestExecutionListener, org.springframework.test.context.support.DependencyInjectionTestExecutionListener, org.springframework.test.context.support.DirtiesContextTestExecutionListener, org.springframework.test.context.transaction.TransactionalTestExecutionListener, org.springframework.test.context.jdbc.SqlScriptsTestExecutionListener, org.springframework.test.context.event.EventPublishingTestExecutionListener]
11-03-2022 11:53:35.072 [main] INFO 
				o.s.b.t.c.SpringBootTestContextBootstrapper.getTestExecutionListeners - Using TestExecutionListeners: [org.springframework.test.context.web.ServletTestExecutionListener@ca27722, org.springframework.test.context.support.DirtiesContextBeforeModesTestExecutionListener@70ab80e3, org.springframework.test.context.event.ApplicationEventsTestExecutionListener@9573b3b, org.springframework.boot.test.mock.mockito.MockitoTestExecutionListener@67427b69, org.springframework.boot.test.autoconfigure.SpringBootDependencyInjectionTestExecutionListener@78461bc4, org.springframework.test.context.support.DirtiesContextTestExecutionListener@544630b7, org.springframework.test.context.transaction.TransactionalTestExecutionListener@64f857e7, org.springframework.test.context.jdbc.SqlScriptsTestExecutionListener@1095f122, org.springframework.test.context.event.EventPublishingTestExecutionListener@58c540cf, org.springframework.boot.test.mock.mockito.ResetMocksTestExecutionListener@3d6300e8, org.springframework.boot.test.autoconfigure.restdocs.RestDocsTestExecutionListener@1b822fcc, org.springframework.boot.test.autoconfigure.web.client.MockRestServiceServerResetTestExecutionListener@24a1c17f, org.springframework.boot.test.autoconfigure.web.servlet.MockMvcPrintOnlyOnFailureTestExecutionListener@56102e1c, org.springframework.boot.test.autoconfigure.web.servlet.WebDriverTestExecutionListener@73511076, org.springframework.boot.test.autoconfigure.webservices.client.MockWebServiceServerTestExecutionListener@7927bd9f]
11-03-2022 11:53:35.081 [main] INFO 
				o.s.b.t.c.SpringBootTestContextBootstrapper.buildDefaultMergedContextConfiguration - Neither @ContextConfiguration nor @ContextHierarchy found for test class [com.nnk.springboot.PasswordEncodeTest], using SpringBootContextLoader
11-03-2022 11:53:35.082 [main] INFO 
				o.s.t.c.s.AbstractContextLoader.generateDefaultLocations - Could not detect default resource locations for test class [com.nnk.springboot.PasswordEncodeTest]: no resource found for suffixes {-context.xml, Context.groovy}.
11-03-2022 11:53:35.083 [main] INFO 
				o.s.t.c.s.AnnotationConfigContextLoaderUtils.detectDefaultConfigurationClasses - Could not detect default configuration classes for test class [com.nnk.springboot.PasswordEncodeTest]: PasswordEncodeTest does not declare any static, non-private, non-final, nested classes annotated with @Configuration.
11-03-2022 11:53:35.084 [main] INFO 
				o.s.b.t.c.SpringBootTestContextBootstrapper.getOrFindConfigurationClasses - Found @SpringBootConfiguration com.nnk.springboot.Application for test class com.nnk.springboot.PasswordEncodeTest
11-03-2022 11:53:35.087 [main] INFO 
				o.s.b.t.c.SpringBootTestContextBootstrapper.getDefaultTestExecutionListenerClassNames - Loaded default TestExecutionListener class names from location [META-INF/spring.factories]: [org.springframework.boot.test.mock.mockito.MockitoTestExecutionListener, org.springframework.boot.test.mock.mockito.ResetMocksTestExecutionListener, org.springframework.boot.test.autoconfigure.restdocs.RestDocsTestExecutionListener, org.springframework.boot.test.autoconfigure.web.client.MockRestServiceServerResetTestExecutionListener, org.springframework.boot.test.autoconfigure.web.servlet.MockMvcPrintOnlyOnFailureTestExecutionListener, org.springframework.boot.test.autoconfigure.web.servlet.WebDriverTestExecutionListener, org.springframework.boot.test.autoconfigure.webservices.client.MockWebServiceServerTestExecutionListener, org.springframework.test.context.web.ServletTestExecutionListener, org.springframework.test.context.support.DirtiesContextBeforeModesTestExecutionListener, org.springframework.test.context.event.ApplicationEventsTestExecutionListener, org.springframework.test.context.support.DependencyInjectionTestExecutionListener, org.springframework.test.context.support.DirtiesContextTestExecutionListener, org.springframework.test.context.transaction.TransactionalTestExecutionListener, org.springframework.test.context.jdbc.SqlScriptsTestExecutionListener, org.springframework.test.context.event.EventPublishingTestExecutionListener]
11-03-2022 11:53:35.088 [main] INFO 
				o.s.b.t.c.SpringBootTestContextBootstrapper.getTestExecutionListeners - Using TestExecutionListeners: [org.springframework.test.context.web.ServletTestExecutionListener@579d011c, org.springframework.test.context.support.DirtiesContextBeforeModesTestExecutionListener@3670f00, org.springframework.test.context.event.ApplicationEventsTestExecutionListener@452e26d0, org.springframework.boot.test.mock.mockito.MockitoTestExecutionListener@46ab18da, org.springframework.boot.test.autoconfigure.SpringBootDependencyInjectionTestExecutionListener@790174f2, org.springframework.test.context.support.DirtiesContextTestExecutionListener@42257bdd, org.springframework.test.context.transaction.TransactionalTestExecutionListener@7689ddef, org.springframework.test.context.jdbc.SqlScriptsTestExecutionListener@687a762c, org.springframework.test.context.event.EventPublishingTestExecutionListener@1a2e2935, org.springframework.boot.test.mock.mockito.ResetMocksTestExecutionListener@733c423e, org.springframework.boot.test.autoconfigure.restdocs.RestDocsTestExecutionListener@4b629f13, org.springframework.boot.test.autoconfigure.web.client.MockRestServiceServerResetTestExecutionListener@70925b45, org.springframework.boot.test.autoconfigure.web.servlet.MockMvcPrintOnlyOnFailureTestExecutionListener@1b9ea3e3, org.springframework.boot.test.autoconfigure.web.servlet.WebDriverTestExecutionListener@aa22f1c, org.springframework.boot.test.autoconfigure.webservices.client.MockWebServiceServerTestExecutionListener@55e7a35c]
11-03-2022 11:53:35.090 [main] INFO 
				o.s.b.t.c.SpringBootTestContextBootstrapper.buildDefaultMergedContextConfiguration - Neither @ContextConfiguration nor @ContextHierarchy found for test class [com.nnk.springboot.RatingTests], using SpringBootContextLoader
11-03-2022 11:53:35.091 [main] INFO 
				o.s.t.c.s.AbstractContextLoader.generateDefaultLocations - Could not detect default resource locations for test class [com.nnk.springboot.RatingTests]: no resource found for suffixes {-context.xml, Context.groovy}.
11-03-2022 11:53:35.092 [main] INFO 
				o.s.t.c.s.AnnotationConfigContextLoaderUtils.detectDefaultConfigurationClasses - Could not detect default configuration classes for test class [com.nnk.springboot.RatingTests]: RatingTests does not declare any static, non-private, non-final, nested classes annotated with @Configuration.
11-03-2022 11:53:35.093 [main] INFO 
				o.s.b.t.c.SpringBootTestContextBootstrapper.getOrFindConfigurationClasses - Found @SpringBootConfiguration com.nnk.springboot.Application for test class com.nnk.springboot.RatingTests
11-03-2022 11:53:35.095 [main] INFO 
				o.s.b.t.c.SpringBootTestContextBootstrapper.getDefaultTestExecutionListenerClassNames - Loaded default TestExecutionListener class names from location [META-INF/spring.factories]: [org.springframework.boot.test.mock.mockito.MockitoTestExecutionListener, org.springframework.boot.test.mock.mockito.ResetMocksTestExecutionListener, org.springframework.boot.test.autoconfigure.restdocs.RestDocsTestExecutionListener, org.springframework.boot.test.autoconfigure.web.client.MockRestServiceServerResetTestExecutionListener, org.springframework.boot.test.autoconfigure.web.servlet.MockMvcPrintOnlyOnFailureTestExecutionListener, org.springframework.boot.test.autoconfigure.web.servlet.WebDriverTestExecutionListener, org.springframework.boot.test.autoconfigure.webservices.client.MockWebServiceServerTestExecutionListener, org.springframework.test.context.web.ServletTestExecutionListener, org.springframework.test.context.support.DirtiesContextBeforeModesTestExecutionListener, org.springframework.test.context.event.ApplicationEventsTestExecutionListener, org.springframework.test.context.support.DependencyInjectionTestExecutionListener, org.springframework.test.context.support.DirtiesContextTestExecutionListener, org.springframework.test.context.transaction.TransactionalTestExecutionListener, org.springframework.test.context.jdbc.SqlScriptsTestExecutionListener, org.springframework.test.context.event.EventPublishingTestExecutionListener]
11-03-2022 11:53:35.096 [main] INFO 
				o.s.b.t.c.SpringBootTestContextBootstrapper.getTestExecutionListeners - Using TestExecutionListeners: [org.springframework.test.context.web.ServletTestExecutionListener@2af616d3, org.springframework.test.context.support.DirtiesContextBeforeModesTestExecutionListener@71f67a79, org.springframework.test.context.event.ApplicationEventsTestExecutionListener@3deb2326, org.springframework.boot.test.mock.mockito.MockitoTestExecutionListener@62d363ab, org.springframework.boot.test.autoconfigure.SpringBootDependencyInjectionTestExecutionListener@7889a1ac, org.springframework.test.context.support.DirtiesContextTestExecutionListener@3aee3976, org.springframework.test.context.transaction.TransactionalTestExecutionListener@5ef8df1e, org.springframework.test.context.jdbc.SqlScriptsTestExecutionListener@27cf3151, org.springframework.test.context.event.EventPublishingTestExecutionListener@127e70c5, org.springframework.boot.test.mock.mockito.ResetMocksTestExecutionListener@5910de75, org.springframework.boot.test.autoconfigure.restdocs.RestDocsTestExecutionListener@4108fa66, org.springframework.boot.test.autoconfigure.web.client.MockRestServiceServerResetTestExecutionListener@1f130eaf, org.springframework.boot.test.autoconfigure.web.servlet.MockMvcPrintOnlyOnFailureTestExecutionListener@7e0aadd0, org.springframework.boot.test.autoconfigure.web.servlet.WebDriverTestExecutionListener@21362712, org.springframework.boot.test.autoconfigure.webservices.client.MockWebServiceServerTestExecutionListener@27eb3298]
11-03-2022 11:53:35.097 [main] INFO 
				o.s.b.t.c.SpringBootTestContextBootstrapper.buildDefaultMergedContextConfiguration - Neither @ContextConfiguration nor @ContextHierarchy found for test class [com.nnk.springboot.RuleTests], using SpringBootContextLoader
11-03-2022 11:53:35.098 [main] INFO 
				o.s.t.c.s.AbstractContextLoader.generateDefaultLocations - Could not detect default resource locations for test class [com.nnk.springboot.RuleTests]: no resource found for suffixes {-context.xml, Context.groovy}.
11-03-2022 11:53:35.099 [main] INFO 
				o.s.t.c.s.AnnotationConfigContextLoaderUtils.detectDefaultConfigurationClasses - Could not detect default configuration classes for test class [com.nnk.springboot.RuleTests]: RuleTests does not declare any static, non-private, non-final, nested classes annotated with @Configuration.
11-03-2022 11:53:35.100 [main] INFO 
				o.s.b.t.c.SpringBootTestContextBootstrapper.getOrFindConfigurationClasses - Found @SpringBootConfiguration com.nnk.springboot.Application for test class com.nnk.springboot.RuleTests
11-03-2022 11:53:35.102 [main] INFO 
				o.s.b.t.c.SpringBootTestContextBootstrapper.getDefaultTestExecutionListenerClassNames - Loaded default TestExecutionListener class names from location [META-INF/spring.factories]: [org.springframework.boot.test.mock.mockito.MockitoTestExecutionListener, org.springframework.boot.test.mock.mockito.ResetMocksTestExecutionListener, org.springframework.boot.test.autoconfigure.restdocs.RestDocsTestExecutionListener, org.springframework.boot.test.autoconfigure.web.client.MockRestServiceServerResetTestExecutionListener, org.springframework.boot.test.autoconfigure.web.servlet.MockMvcPrintOnlyOnFailureTestExecutionListener, org.springframework.boot.test.autoconfigure.web.servlet.WebDriverTestExecutionListener, org.springframework.boot.test.autoconfigure.webservices.client.MockWebServiceServerTestExecutionListener, org.springframework.test.context.web.ServletTestExecutionListener, org.springframework.test.context.support.DirtiesContextBeforeModesTestExecutionListener, org.springframework.test.context.event.ApplicationEventsTestExecutionListener, org.springframework.test.context.support.DependencyInjectionTestExecutionListener, org.springframework.test.context.support.DirtiesContextTestExecutionListener, org.springframework.test.context.transaction.TransactionalTestExecutionListener, org.springframework.test.context.jdbc.SqlScriptsTestExecutionListener, org.springframework.test.context.event.EventPublishingTestExecutionListener]
11-03-2022 11:53:35.103 [main] INFO 
				o.s.b.t.c.SpringBootTestContextBootstrapper.getTestExecutionListeners - Using TestExecutionListeners: [org.springframework.test.context.web.ServletTestExecutionListener@bc57b40, org.springframework.test.context.support.DirtiesContextBeforeModesTestExecutionListener@1b5bc39d, org.springframework.test.context.event.ApplicationEventsTestExecutionListener@655a5d9c, org.springframework.boot.test.mock.mockito.MockitoTestExecutionListener@1494b84d, org.springframework.boot.test.autoconfigure.SpringBootDependencyInjectionTestExecutionListener@34abdee4, org.springframework.test.context.support.DirtiesContextTestExecutionListener@71a9b4c7, org.springframework.test.context.transaction.TransactionalTestExecutionListener@4628b1d3, org.springframework.test.context.jdbc.SqlScriptsTestExecutionListener@77cf3f8b, org.springframework.test.context.event.EventPublishingTestExecutionListener@1df98368, org.springframework.boot.test.mock.mockito.ResetMocksTestExecutionListener@21ca139c, org.springframework.boot.test.autoconfigure.restdocs.RestDocsTestExecutionListener@226f885f, org.springframework.boot.test.autoconfigure.web.client.MockRestServiceServerResetTestExecutionListener@2cd2c8fe, org.springframework.boot.test.autoconfigure.web.servlet.MockMvcPrintOnlyOnFailureTestExecutionListener@7d61eccf, org.springframework.boot.test.autoconfigure.web.servlet.WebDriverTestExecutionListener@cc6460c, org.springframework.boot.test.autoconfigure.webservices.client.MockWebServiceServerTestExecutionListener@52350abb]
11-03-2022 11:53:35.105 [main] INFO 
				o.s.b.t.c.SpringBootTestContextBootstrapper.buildDefaultMergedContextConfiguration - Neither @ContextConfiguration nor @ContextHierarchy found for test class [com.nnk.springboot.TradeTests], using SpringBootContextLoader
11-03-2022 11:53:35.106 [main] INFO 
				o.s.t.c.s.AbstractContextLoader.generateDefaultLocations - Could not detect default resource locations for test class [com.nnk.springboot.TradeTests]: no resource found for suffixes {-context.xml, Context.groovy}.
11-03-2022 11:53:35.107 [main] INFO 
				o.s.t.c.s.AnnotationConfigContextLoaderUtils.detectDefaultConfigurationClasses - Could not detect default configuration classes for test class [com.nnk.springboot.TradeTests]: TradeTests does not declare any static, non-private, non-final, nested classes annotated with @Configuration.
11-03-2022 11:53:35.108 [main] INFO 
				o.s.b.t.c.SpringBootTestContextBootstrapper.getOrFindConfigurationClasses - Found @SpringBootConfiguration com.nnk.springboot.Application for test class com.nnk.springboot.TradeTests
11-03-2022 11:53:35.111 [main] INFO 
				o.s.b.t.c.SpringBootTestContextBootstrapper.getDefaultTestExecutionListenerClassNames - Loaded default TestExecutionListener class names from location [META-INF/spring.factories]: [org.springframework.boot.test.mock.mockito.MockitoTestExecutionListener, org.springframework.boot.test.mock.mockito.ResetMocksTestExecutionListener, org.springframework.boot.test.autoconfigure.restdocs.RestDocsTestExecutionListener, org.springframework.boot.test.autoconfigure.web.client.MockRestServiceServerResetTestExecutionListener, org.springframework.boot.test.autoconfigure.web.servlet.MockMvcPrintOnlyOnFailureTestExecutionListener, org.springframework.boot.test.autoconfigure.web.servlet.WebDriverTestExecutionListener, org.springframework.boot.test.autoconfigure.webservices.client.MockWebServiceServerTestExecutionListener, org.springframework.test.context.web.ServletTestExecutionListener, org.springframework.test.context.support.DirtiesContextBeforeModesTestExecutionListener, org.springframework.test.context.event.ApplicationEventsTestExecutionListener, org.springframework.test.context.support.DependencyInjectionTestExecutionListener, org.springframework.test.context.support.DirtiesContextTestExecutionListener, org.springframework.test.context.transaction.TransactionalTestExecutionListener, org.springframework.test.context.jdbc.SqlScriptsTestExecutionListener, org.springframework.test.context.event.EventPublishingTestExecutionListener]
11-03-2022 11:53:35.112 [main] INFO 
				o.s.b.t.c.SpringBootTestContextBootstrapper.getTestExecutionListeners - Using TestExecutionListeners: [org.springframework.test.context.web.ServletTestExecutionListener@641856, org.springframework.test.context.support.DirtiesContextBeforeModesTestExecutionListener@1b58ff9e, org.springframework.test.context.event.ApplicationEventsTestExecutionListener@2f66e802, org.springframework.boot.test.mock.mockito.MockitoTestExecutionListener@56b78e55, org.springframework.boot.test.autoconfigure.SpringBootDependencyInjectionTestExecutionListener@76318a7d, org.springframework.test.context.support.DirtiesContextTestExecutionListener@2a492f2a, org.springframework.test.context.transaction.TransactionalTestExecutionListener@3277e499, org.springframework.test.context.jdbc.SqlScriptsTestExecutionListener@585811a4, org.springframework.test.context.event.EventPublishingTestExecutionListener@22c01ab0, org.springframework.boot.test.mock.mockito.ResetMocksTestExecutionListener@411341bd, org.springframework.boot.test.autoconfigure.restdocs.RestDocsTestExecutionListener@4c4d362a, org.springframework.boot.test.autoconfigure.web.client.MockRestServiceServerResetTestExecutionListener@5400db36, org.springframework.boot.test.autoconfigure.web.servlet.MockMvcPrintOnlyOnFailureTestExecutionListener@76b74e9c, org.springframework.boot.test.autoconfigure.web.servlet.WebDriverTestExecutionListener@2d72f75e, org.springframework.boot.test.autoconfigure.webservices.client.MockWebServiceServerTestExecutionListener@8ab78bc]
11-03-2022 11:53:36.050 [main] INFO 
				c.nnk.springboot.PasswordEncodeTest.logStarting - Starting PasswordEncodeTest using Java 11 on DESKTOP-Q0H09QF with PID 16888 (started by Megaport in C:\dev\P7\JavaDA_PROJECT7_RESTAPI\Poseiden-skeleton)
11-03-2022 11:53:36.050 [main] INFO 
				c.nnk.springboot.PasswordEncodeTest.logStartupProfileInfo - No active profile set, falling back to 1 default profile: "default"
11-03-2022 11:53:36.059 [background-preinit] INFO 
				o.h.validator.internal.util.Version.<clinit> - HV000001: Hibernate Validator 6.2.2.Final
11-03-2022 11:53:36.831 [main] INFO 
				o.s.d.r.c.RepositoryConfigurationDelegate.registerRepositoriesIn - Bootstrapping Spring Data JPA repositories in DEFAULT mode.
11-03-2022 11:53:36.904 [main] INFO 
				o.s.d.r.c.RepositoryConfigurationDelegate.registerRepositoriesIn - Finished Spring Data repository scanning in 61 ms. Found 6 JPA repository interfaces.
11-03-2022 11:53:37.415 [main] INFO 
				com.zaxxer.hikari.HikariDataSource.getConnection - HikariPool-1 - Starting...
11-03-2022 11:53:37.590 [main] INFO 
				com.zaxxer.hikari.HikariDataSource.getConnection - HikariPool-1 - Start completed.
11-03-2022 11:53:37.736 [main] INFO 
				o.h.jpa.internal.util.LogHelper.logPersistenceUnitInformation - HHH000204: Processing PersistenceUnitInfo [name: default]
11-03-2022 11:53:37.793 [main] INFO 
				org.hibernate.Version.logVersion - HHH000412: Hibernate ORM core version 5.6.5.Final
11-03-2022 11:53:37.833 [main] INFO 
				o.h.annotations.common.Version.<clinit> - HCANN000001: Hibernate Commons Annotations {5.1.2.Final}
11-03-2022 11:53:38.096 [main] INFO 
				org.hibernate.dialect.Dialect.<init> - HHH000400: Using dialect: org.hibernate.dialect.MySQL8Dialect
11-03-2022 11:53:38.607 [main] INFO 
				o.h.e.t.j.p.i.JtaPlatformInitiator.initiateService - HHH000490: Using JtaPlatform implementation: [org.hibernate.engine.transaction.jta.platform.internal.NoJtaPlatform]
11-03-2022 11:53:38.616 [main] INFO 
				o.s.o.j.LocalContainerEntityManagerFactoryBean.buildNativeEntityManagerFactory - Initialized JPA EntityManagerFactory for persistence unit 'default'
11-03-2022 11:53:39.251 [main] WARN 
				o.s.b.a.o.j.JpaBaseConfiguration$JpaWebConfiguration.openEntityManagerInViewInterceptor - spring.jpa.open-in-view is enabled by default. Therefore, database queries may be performed during view rendering. Explicitly configure spring.jpa.open-in-view to disable this warning
11-03-2022 11:53:40.450 [main] INFO 
				o.s.b.a.e.web.EndpointLinksResolver.<init> - Exposing 1 endpoint(s) beneath base path '/actuator'
11-03-2022 11:53:40.489 [main] INFO 
				c.nnk.springboot.PasswordEncodeTest.logStarted - Started PasswordEncodeTest in 4.663 seconds (JVM running for 6.4)
11-03-2022 11:53:40.624 [main] WARN 
				o.h.e.jdbc.spi.SqlExceptionHelper.logExceptions - SQL Error: 1054, SQLState: 42S22
11-03-2022 11:53:40.625 [main] ERROR
				o.h.e.jdbc.spi.SqlExceptionHelper.logExceptions - Champ 'fitch_rating' inconnu dans field list
11-03-2022 11:53:40.653 [main] WARN 
				o.h.e.jdbc.spi.SqlExceptionHelper.logExceptions - SQL Error: 1054, SQLState: 42S22
11-03-2022 11:53:40.654 [main] ERROR
				o.h.e.jdbc.spi.SqlExceptionHelper.logExceptions - Champ 'sql_part' inconnu dans field list
11-03-2022 11:53:40.666 [main] WARN 
				o.h.e.jdbc.spi.SqlExceptionHelper.logExceptions - SQL Error: 1054, SQLState: 42S22
11-03-2022 11:53:40.667 [main] ERROR
				o.h.e.jdbc.spi.SqlExceptionHelper.logExceptions - Champ 'buy_price' inconnu dans field list
11-03-2022 11:53:40.687 [SpringApplicationShutdownHook] INFO 
				o.s.o.j.LocalContainerEntityManagerFactoryBean.destroy - Closing JPA EntityManagerFactory for persistence unit 'default'
11-03-2022 11:53:40.688 [SpringApplicationShutdownHook] INFO 
				com.zaxxer.hikari.HikariDataSource.close - HikariPool-1 - Shutdown initiated...
11-03-2022 11:53:40.696 [SpringApplicationShutdownHook] INFO 
				com.zaxxer.hikari.HikariDataSource.close - HikariPool-1 - Shutdown completed.
11-03-2022 11:53:52.026 [main] INFO 
				o.s.b.t.c.SpringBootTestContextBootstrapper.buildDefaultMergedContextConfiguration - Neither @ContextConfiguration nor @ContextHierarchy found for test class [com.nnk.springboot.RuleTests], using SpringBootContextLoader
11-03-2022 11:53:52.038 [main] INFO 
				o.s.t.c.s.AbstractContextLoader.generateDefaultLocations - Could not detect default resource locations for test class [com.nnk.springboot.RuleTests]: no resource found for suffixes {-context.xml, Context.groovy}.
11-03-2022 11:53:52.040 [main] INFO 
				o.s.t.c.s.AnnotationConfigContextLoaderUtils.detectDefaultConfigurationClasses - Could not detect default configuration classes for test class [com.nnk.springboot.RuleTests]: RuleTests does not declare any static, non-private, non-final, nested classes annotated with @Configuration.
11-03-2022 11:53:52.207 [main] INFO 
				o.s.b.t.c.SpringBootTestContextBootstrapper.getOrFindConfigurationClasses - Found @SpringBootConfiguration com.nnk.springboot.Application for test class com.nnk.springboot.RuleTests
11-03-2022 11:53:52.366 [main] INFO 
				o.s.b.t.c.SpringBootTestContextBootstrapper.getDefaultTestExecutionListenerClassNames - Loaded default TestExecutionListener class names from location [META-INF/spring.factories]: [org.springframework.boot.test.mock.mockito.MockitoTestExecutionListener, org.springframework.boot.test.mock.mockito.ResetMocksTestExecutionListener, org.springframework.boot.test.autoconfigure.restdocs.RestDocsTestExecutionListener, org.springframework.boot.test.autoconfigure.web.client.MockRestServiceServerResetTestExecutionListener, org.springframework.boot.test.autoconfigure.web.servlet.MockMvcPrintOnlyOnFailureTestExecutionListener, org.springframework.boot.test.autoconfigure.web.servlet.WebDriverTestExecutionListener, org.springframework.boot.test.autoconfigure.webservices.client.MockWebServiceServerTestExecutionListener, org.springframework.test.context.web.ServletTestExecutionListener, org.springframework.test.context.support.DirtiesContextBeforeModesTestExecutionListener, org.springframework.test.context.event.ApplicationEventsTestExecutionListener, org.springframework.test.context.support.DependencyInjectionTestExecutionListener, org.springframework.test.context.support.DirtiesContextTestExecutionListener, org.springframework.test.context.transaction.TransactionalTestExecutionListener, org.springframework.test.context.jdbc.SqlScriptsTestExecutionListener, org.springframework.test.context.event.EventPublishingTestExecutionListener]
11-03-2022 11:53:52.392 [main] INFO 
				o.s.b.t.c.SpringBootTestContextBootstrapper.getTestExecutionListeners - Using TestExecutionListeners: [org.springframework.test.context.web.ServletTestExecutionListener@2c92f094, org.springframework.test.context.support.DirtiesContextBeforeModesTestExecutionListener@1c3b221f, org.springframework.test.context.event.ApplicationEventsTestExecutionListener@750c23a3, org.springframework.boot.test.mock.mockito.MockitoTestExecutionListener@238280df, org.springframework.boot.test.autoconfigure.SpringBootDependencyInjectionTestExecutionListener@182fd26b, org.springframework.test.context.support.DirtiesContextTestExecutionListener@5dc120ab, org.springframework.test.context.transaction.TransactionalTestExecutionListener@49c4118b, org.springframework.test.context.jdbc.SqlScriptsTestExecutionListener@7ef7f414, org.springframework.test.context.event.EventPublishingTestExecutionListener@182dcd2b, org.springframework.boot.test.mock.mockito.ResetMocksTestExecutionListener@4c3d72fd, org.springframework.boot.test.autoconfigure.restdocs.RestDocsTestExecutionListener@259c6ab8, org.springframework.boot.test.autoconfigure.web.client.MockRestServiceServerResetTestExecutionListener@640a6d4b, org.springframework.boot.test.autoconfigure.web.servlet.MockMvcPrintOnlyOnFailureTestExecutionListener@1238a074, org.springframework.boot.test.autoconfigure.web.servlet.WebDriverTestExecutionListener@35b58254, org.springframework.boot.test.autoconfigure.webservices.client.MockWebServiceServerTestExecutionListener@73baf7f0]
11-03-2022 11:53:52.404 [main] INFO 
				o.s.b.t.c.SpringBootTestContextBootstrapper.buildDefaultMergedContextConfiguration - Neither @ContextConfiguration nor @ContextHierarchy found for test class [com.nnk.springboot.TradeTests], using SpringBootContextLoader
11-03-2022 11:53:52.406 [main] INFO 
				o.s.t.c.s.AbstractContextLoader.generateDefaultLocations - Could not detect default resource locations for test class [com.nnk.springboot.TradeTests]: no resource found for suffixes {-context.xml, Context.groovy}.
11-03-2022 11:53:52.406 [main] INFO 
				o.s.t.c.s.AnnotationConfigContextLoaderUtils.detectDefaultConfigurationClasses - Could not detect default configuration classes for test class [com.nnk.springboot.TradeTests]: TradeTests does not declare any static, non-private, non-final, nested classes annotated with @Configuration.
11-03-2022 11:53:52.408 [main] INFO 
				o.s.b.t.c.SpringBootTestContextBootstrapper.getOrFindConfigurationClasses - Found @SpringBootConfiguration com.nnk.springboot.Application for test class com.nnk.springboot.TradeTests
11-03-2022 11:53:52.411 [main] INFO 
				o.s.b.t.c.SpringBootTestContextBootstrapper.getDefaultTestExecutionListenerClassNames - Loaded default TestExecutionListener class names from location [META-INF/spring.factories]: [org.springframework.boot.test.mock.mockito.MockitoTestExecutionListener, org.springframework.boot.test.mock.mockito.ResetMocksTestExecutionListener, org.springframework.boot.test.autoconfigure.restdocs.RestDocsTestExecutionListener, org.springframework.boot.test.autoconfigure.web.client.MockRestServiceServerResetTestExecutionListener, org.springframework.boot.test.autoconfigure.web.servlet.MockMvcPrintOnlyOnFailureTestExecutionListener, org.springframework.boot.test.autoconfigure.web.servlet.WebDriverTestExecutionListener, org.springframework.boot.test.autoconfigure.webservices.client.MockWebServiceServerTestExecutionListener, org.springframework.test.context.web.ServletTestExecutionListener, org.springframework.test.context.support.DirtiesContextBeforeModesTestExecutionListener, org.springframework.test.context.event.ApplicationEventsTestExecutionListener, org.springframework.test.context.support.DependencyInjectionTestExecutionListener, org.springframework.test.context.support.DirtiesContextTestExecutionListener, org.springframework.test.context.transaction.TransactionalTestExecutionListener, org.springframework.test.context.jdbc.SqlScriptsTestExecutionListener, org.springframework.test.context.event.EventPublishingTestExecutionListener]
11-03-2022 11:53:52.412 [main] INFO 
				o.s.b.t.c.SpringBootTestContextBootstrapper.getTestExecutionListeners - Using TestExecutionListeners: [org.springframework.test.context.web.ServletTestExecutionListener@221cdd87, org.springframework.test.context.support.DirtiesContextBeforeModesTestExecutionListener@4d66cb, org.springframework.test.context.event.ApplicationEventsTestExecutionListener@7c79f2cf, org.springframework.boot.test.mock.mockito.MockitoTestExecutionListener@63551c66, org.springframework.boot.test.autoconfigure.SpringBootDependencyInjectionTestExecutionListener@2761156e, org.springframework.test.context.support.DirtiesContextTestExecutionListener@4cf15477, org.springframework.test.context.transaction.TransactionalTestExecutionListener@7fad28ac, org.springframework.test.context.jdbc.SqlScriptsTestExecutionListener@3450bd13, org.springframework.test.context.event.EventPublishingTestExecutionListener@1bb51492, org.springframework.boot.test.mock.mockito.ResetMocksTestExecutionListener@5da1a97f, org.springframework.boot.test.autoconfigure.restdocs.RestDocsTestExecutionListener@4b5f022f, org.springframework.boot.test.autoconfigure.web.client.MockRestServiceServerResetTestExecutionListener@7a569672, org.springframework.boot.test.autoconfigure.web.servlet.MockMvcPrintOnlyOnFailureTestExecutionListener@49f41c2e, org.springframework.boot.test.autoconfigure.web.servlet.WebDriverTestExecutionListener@194eae3e, org.springframework.boot.test.autoconfigure.webservices.client.MockWebServiceServerTestExecutionListener@2ab39942]
11-03-2022 11:53:52.414 [main] INFO 
				o.s.b.t.c.SpringBootTestContextBootstrapper.buildDefaultMergedContextConfiguration - Neither @ContextConfiguration nor @ContextHierarchy found for test class [com.nnk.springboot.PasswordEncodeTest], using SpringBootContextLoader
11-03-2022 11:53:52.415 [main] INFO 
				o.s.t.c.s.AbstractContextLoader.generateDefaultLocations - Could not detect default resource locations for test class [com.nnk.springboot.PasswordEncodeTest]: no resource found for suffixes {-context.xml, Context.groovy}.
11-03-2022 11:53:52.415 [main] INFO 
				o.s.t.c.s.AnnotationConfigContextLoaderUtils.detectDefaultConfigurationClasses - Could not detect default configuration classes for test class [com.nnk.springboot.PasswordEncodeTest]: PasswordEncodeTest does not declare any static, non-private, non-final, nested classes annotated with @Configuration.
11-03-2022 11:53:52.417 [main] INFO 
				o.s.b.t.c.SpringBootTestContextBootstrapper.getOrFindConfigurationClasses - Found @SpringBootConfiguration com.nnk.springboot.Application for test class com.nnk.springboot.PasswordEncodeTest
11-03-2022 11:53:52.420 [main] INFO 
				o.s.b.t.c.SpringBootTestContextBootstrapper.getDefaultTestExecutionListenerClassNames - Loaded default TestExecutionListener class names from location [META-INF/spring.factories]: [org.springframework.boot.test.mock.mockito.MockitoTestExecutionListener, org.springframework.boot.test.mock.mockito.ResetMocksTestExecutionListener, org.springframework.boot.test.autoconfigure.restdocs.RestDocsTestExecutionListener, org.springframework.boot.test.autoconfigure.web.client.MockRestServiceServerResetTestExecutionListener, org.springframework.boot.test.autoconfigure.web.servlet.MockMvcPrintOnlyOnFailureTestExecutionListener, org.springframework.boot.test.autoconfigure.web.servlet.WebDriverTestExecutionListener, org.springframework.boot.test.autoconfigure.webservices.client.MockWebServiceServerTestExecutionListener, org.springframework.test.context.web.ServletTestExecutionListener, org.springframework.test.context.support.DirtiesContextBeforeModesTestExecutionListener, org.springframework.test.context.event.ApplicationEventsTestExecutionListener, org.springframework.test.context.support.DependencyInjectionTestExecutionListener, org.springframework.test.context.support.DirtiesContextTestExecutionListener, org.springframework.test.context.transaction.TransactionalTestExecutionListener, org.springframework.test.context.jdbc.SqlScriptsTestExecutionListener, org.springframework.test.context.event.EventPublishingTestExecutionListener]
11-03-2022 11:53:52.421 [main] INFO 
				o.s.b.t.c.SpringBootTestContextBootstrapper.getTestExecutionListeners - Using TestExecutionListeners: [org.springframework.test.context.web.ServletTestExecutionListener@61b76a7d, org.springframework.test.context.support.DirtiesContextBeforeModesTestExecutionListener@57f89680, org.springframework.test.context.event.ApplicationEventsTestExecutionListener@70bc9070, org.springframework.boot.test.mock.mockito.MockitoTestExecutionListener@5d202dc4, org.springframework.boot.test.autoconfigure.SpringBootDependencyInjectionTestExecutionListener@71e409f, org.springframework.test.context.support.DirtiesContextTestExecutionListener@14c18a6a, org.springframework.test.context.transaction.TransactionalTestExecutionListener@6aa792, org.springframework.test.context.jdbc.SqlScriptsTestExecutionListener@5c78f456, org.springframework.test.context.event.EventPublishingTestExecutionListener@29174dfe, org.springframework.boot.test.mock.mockito.ResetMocksTestExecutionListener@319d106c, org.springframework.boot.test.autoconfigure.restdocs.RestDocsTestExecutionListener@641e67fa, org.springframework.boot.test.autoconfigure.web.client.MockRestServiceServerResetTestExecutionListener@7fdff56b, org.springframework.boot.test.autoconfigure.web.servlet.MockMvcPrintOnlyOnFailureTestExecutionListener@6cb43fd3, org.springframework.boot.test.autoconfigure.web.servlet.WebDriverTestExecutionListener@35f35c59, org.springframework.boot.test.autoconfigure.webservices.client.MockWebServiceServerTestExecutionListener@2245ccaa]
11-03-2022 11:53:52.423 [main] INFO 
				o.s.b.t.c.SpringBootTestContextBootstrapper.buildDefaultMergedContextConfiguration - Neither @ContextConfiguration nor @ContextHierarchy found for test class [com.nnk.springboot.RatingTests], using SpringBootContextLoader
11-03-2022 11:53:52.424 [main] INFO 
				o.s.t.c.s.AbstractContextLoader.generateDefaultLocations - Could not detect default resource locations for test class [com.nnk.springboot.RatingTests]: no resource found for suffixes {-context.xml, Context.groovy}.
11-03-2022 11:53:52.425 [main] INFO 
				o.s.t.c.s.AnnotationConfigContextLoaderUtils.detectDefaultConfigurationClasses - Could not detect default configuration classes for test class [com.nnk.springboot.RatingTests]: RatingTests does not declare any static, non-private, non-final, nested classes annotated with @Configuration.
11-03-2022 11:53:52.426 [main] INFO 
				o.s.b.t.c.SpringBootTestContextBootstrapper.getOrFindConfigurationClasses - Found @SpringBootConfiguration com.nnk.springboot.Application for test class com.nnk.springboot.RatingTests
11-03-2022 11:53:52.429 [main] INFO 
				o.s.b.t.c.SpringBootTestContextBootstrapper.getDefaultTestExecutionListenerClassNames - Loaded default TestExecutionListener class names from location [META-INF/spring.factories]: [org.springframework.boot.test.mock.mockito.MockitoTestExecutionListener, org.springframework.boot.test.mock.mockito.ResetMocksTestExecutionListener, org.springframework.boot.test.autoconfigure.restdocs.RestDocsTestExecutionListener, org.springframework.boot.test.autoconfigure.web.client.MockRestServiceServerResetTestExecutionListener, org.springframework.boot.test.autoconfigure.web.servlet.MockMvcPrintOnlyOnFailureTestExecutionListener, org.springframework.boot.test.autoconfigure.web.servlet.WebDriverTestExecutionListener, org.springframework.boot.test.autoconfigure.webservices.client.MockWebServiceServerTestExecutionListener, org.springframework.test.context.web.ServletTestExecutionListener, org.springframework.test.context.support.DirtiesContextBeforeModesTestExecutionListener, org.springframework.test.context.event.ApplicationEventsTestExecutionListener, org.springframework.test.context.support.DependencyInjectionTestExecutionListener, org.springframework.test.context.support.DirtiesContextTestExecutionListener, org.springframework.test.context.transaction.TransactionalTestExecutionListener, org.springframework.test.context.jdbc.SqlScriptsTestExecutionListener, org.springframework.test.context.event.EventPublishingTestExecutionListener]
11-03-2022 11:53:52.430 [main] INFO 
				o.s.b.t.c.SpringBootTestContextBootstrapper.getTestExecutionListeners - Using TestExecutionListeners: [org.springframework.test.context.web.ServletTestExecutionListener@6f36e806, org.springframework.test.context.support.DirtiesContextBeforeModesTestExecutionListener@4088702d, org.springframework.test.context.event.ApplicationEventsTestExecutionListener@4c24c40a, org.springframework.boot.test.mock.mockito.MockitoTestExecutionListener@6636448b, org.springframework.boot.test.autoconfigure.SpringBootDependencyInjectionTestExecutionListener@3e18e693, org.springframework.test.context.support.DirtiesContextTestExecutionListener@3d12f065, org.springframework.test.context.transaction.TransactionalTestExecutionListener@57fc6759, org.springframework.test.context.jdbc.SqlScriptsTestExecutionListener@33a7331, org.springframework.test.context.event.EventPublishingTestExecutionListener@7aef21bb, org.springframework.boot.test.mock.mockito.ResetMocksTestExecutionListener@50d4775b, org.springframework.boot.test.autoconfigure.restdocs.RestDocsTestExecutionListener@642614b7, org.springframework.boot.test.autoconfigure.web.client.MockRestServiceServerResetTestExecutionListener@345540f9, org.springframework.boot.test.autoconfigure.web.servlet.MockMvcPrintOnlyOnFailureTestExecutionListener@37344d31, org.springframework.boot.test.autoconfigure.web.servlet.WebDriverTestExecutionListener@44a98a23, org.springframework.boot.test.autoconfigure.webservices.client.MockWebServiceServerTestExecutionListener@107ebdad]
11-03-2022 11:53:53.850 [main] INFO 
				com.nnk.springboot.RuleTests.logStarting - Starting RuleTests using Java 11 on DESKTOP-Q0H09QF with PID 14672 (started by Megaport in C:\dev\P7\JavaDA_PROJECT7_RESTAPI\Poseiden-skeleton)
11-03-2022 11:53:53.851 [main] INFO 
				com.nnk.springboot.RuleTests.logStartupProfileInfo - The following 1 profile is active: "test"
11-03-2022 11:53:53.858 [background-preinit] INFO 
				o.h.validator.internal.util.Version.<clinit> - HV000001: Hibernate Validator 6.2.2.Final
11-03-2022 11:53:54.970 [main] INFO 
				o.s.d.r.c.RepositoryConfigurationDelegate.registerRepositoriesIn - Bootstrapping Spring Data JPA repositories in DEFAULT mode.
11-03-2022 11:53:55.056 [main] INFO 
				o.s.d.r.c.RepositoryConfigurationDelegate.registerRepositoriesIn - Finished Spring Data repository scanning in 74 ms. Found 6 JPA repository interfaces.
11-03-2022 11:53:55.790 [main] INFO 
				o.h.jpa.internal.util.LogHelper.logPersistenceUnitInformation - HHH000204: Processing PersistenceUnitInfo [name: default]
11-03-2022 11:53:55.897 [main] INFO 
				org.hibernate.Version.logVersion - HHH000412: Hibernate ORM core version 5.6.5.Final
11-03-2022 11:53:55.965 [main] INFO 
				o.h.annotations.common.Version.<clinit> - HCANN000001: Hibernate Commons Annotations {5.1.2.Final}
11-03-2022 11:53:56.286 [main] INFO 
				com.zaxxer.hikari.HikariDataSource.getConnection - HikariPool-1 - Starting...
11-03-2022 11:53:56.634 [main] INFO 
				com.zaxxer.hikari.HikariDataSource.getConnection - HikariPool-1 - Start completed.
11-03-2022 11:53:56.663 [main] INFO 
				org.hibernate.dialect.Dialect.<init> - HHH000400: Using dialect: org.hibernate.dialect.H2Dialect
11-03-2022 11:53:57.558 [main] INFO 
				o.h.e.t.j.p.i.JtaPlatformInitiator.initiateService - HHH000490: Using JtaPlatform implementation: [org.hibernate.engine.transaction.jta.platform.internal.NoJtaPlatform]
11-03-2022 11:53:57.570 [main] INFO 
				o.s.o.j.LocalContainerEntityManagerFactoryBean.buildNativeEntityManagerFactory - Initialized JPA EntityManagerFactory for persistence unit 'default'
11-03-2022 11:53:58.395 [main] WARN 
				o.s.b.a.o.j.JpaBaseConfiguration$JpaWebConfiguration.openEntityManagerInViewInterceptor - spring.jpa.open-in-view is enabled by default. Therefore, database queries may be performed during view rendering. Explicitly configure spring.jpa.open-in-view to disable this warning
11-03-2022 11:53:59.095 [main] INFO 
				o.s.b.a.h.H2ConsoleAutoConfiguration.logDataSources - H2 console available at '/h2/'. Database available at 'jdbc:h2:mem:testdb'
11-03-2022 11:53:59.858 [main] INFO 
				o.s.b.a.e.web.EndpointLinksResolver.<init> - Exposing 1 endpoint(s) beneath base path '/actuator'
11-03-2022 11:53:59.907 [main] INFO 
				com.nnk.springboot.RuleTests.logStarted - Started RuleTests in 6.377 seconds (JVM running for 9.136)
11-03-2022 11:54:00.521 [SpringApplicationShutdownHook] INFO 
				o.s.o.j.LocalContainerEntityManagerFactoryBean.destroy - Closing JPA EntityManagerFactory for persistence unit 'default'
11-03-2022 11:54:00.523 [SpringApplicationShutdownHook] INFO 
				com.zaxxer.hikari.HikariDataSource.close - HikariPool-1 - Shutdown initiated...
11-03-2022 11:54:00.530 [SpringApplicationShutdownHook] INFO 
				com.zaxxer.hikari.HikariDataSource.close - HikariPool-1 - Shutdown completed.
