24-03-2022 11:44:24.402 [background-preinit] INFO 
				o.h.validator.internal.util.Version.<clinit> - HV000001: Hibernate Validator 6.2.0.Final
24-03-2022 11:44:24.415 [main] INFO 
				com.nnk.springboot.Application.logStarting - Starting Application using Java 11 on DESKTOP-Q0H09QF with PID 2760 (C:\dev\P7\JavaDA_PROJECT7_RESTAPI\Poseiden-skeleton\target\classes started by Megaport in C:\dev\P7\JavaDA_PROJECT7_RESTAPI\Poseiden-skeleton)
24-03-2022 11:44:24.462 [main] INFO 
				com.nnk.springboot.Application.logStartupProfileInfo - The following profiles are active: dev
24-03-2022 11:44:25.226 [main] INFO 
				o.s.d.r.c.RepositoryConfigurationDelegate.registerRepositoriesIn - Bootstrapping Spring Data JPA repositories in DEFAULT mode.
24-03-2022 11:44:25.284 [main] INFO 
				o.s.d.r.c.RepositoryConfigurationDelegate.registerRepositoriesIn - Finished Spring Data repository scanning in 50 ms. Found 6 JPA repository interfaces.
24-03-2022 11:44:25.795 [main] INFO 
				o.s.b.w.e.tomcat.TomcatWebServer.initialize - Tomcat initialized with port(s): 8080 (http)
24-03-2022 11:44:25.804 [main] INFO 
				o.a.coyote.http11.Http11NioProtocol.log - Initializing ProtocolHandler ["http-nio-8080"]
24-03-2022 11:44:25.805 [main] INFO 
				o.a.catalina.core.StandardService.log - Starting service [Tomcat]
24-03-2022 11:44:25.805 [main] INFO 
				o.a.catalina.core.StandardEngine.log - Starting Servlet engine: [Apache Tomcat/9.0.55]
24-03-2022 11:44:25.900 [main] INFO 
				o.a.c.c.C.[Tomcat].[localhost].[/].log - Initializing Spring embedded WebApplicationContext
24-03-2022 11:44:25.900 [main] INFO 
				o.s.b.w.s.c.ServletWebServerApplicationContext.prepareWebApplicationContext - Root WebApplicationContext: initialization completed in 1399 ms
24-03-2022 11:44:26.144 [main] INFO 
				com.zaxxer.hikari.HikariDataSource.getConnection - HikariPool-1 - Starting...
24-03-2022 11:44:26.266 [main] INFO 
				com.zaxxer.hikari.HikariDataSource.getConnection - HikariPool-1 - Start completed.
24-03-2022 11:44:26.384 [main] INFO 
				o.h.jpa.internal.util.LogHelper.logPersistenceUnitInformation - HHH000204: Processing PersistenceUnitInfo [name: default]
24-03-2022 11:44:26.431 [main] INFO 
				org.hibernate.Version.logVersion - HHH000412: Hibernate ORM core version 5.6.1.Final
24-03-2022 11:44:26.549 [main] INFO 
				o.h.annotations.common.Version.<clinit> - HCANN000001: Hibernate Commons Annotations {5.1.2.Final}
24-03-2022 11:44:26.649 [main] INFO 
				org.hibernate.dialect.Dialect.<init> - HHH000400: Using dialect: org.hibernate.dialect.MySQL8Dialect
24-03-2022 11:44:27.199 [main] INFO 
				o.h.e.t.j.p.i.JtaPlatformInitiator.initiateService - HHH000490: Using JtaPlatform implementation: [org.hibernate.engine.transaction.jta.platform.internal.NoJtaPlatform]
24-03-2022 11:44:27.207 [main] INFO 
				o.s.o.j.LocalContainerEntityManagerFactoryBean.buildNativeEntityManagerFactory - Initialized JPA EntityManagerFactory for persistence unit 'default'
24-03-2022 11:44:27.275 [main] WARN 
				o.s.b.a.o.j.JpaBaseConfiguration$JpaWebConfiguration.openEntityManagerInViewInterceptor - spring.jpa.open-in-view is enabled by default. Therefore, database queries may be performed during view rendering. Explicitly configure spring.jpa.open-in-view to disable this warning
24-03-2022 11:44:27.828 [main] INFO 
				c.n.s.config.WebSecurityConfig.configure - in configure AUthenticationManagerBuilder
24-03-2022 11:44:27.871 [main] INFO 
				o.s.s.web.DefaultSecurityFilterChain.<init> - Will secure Ant [pattern='/css/**'] with []
24-03-2022 11:44:27.976 [main] INFO 
				o.s.s.web.DefaultSecurityFilterChain.<init> - Will secure any request with [org.springframework.security.web.context.request.async.WebAsyncManagerIntegrationFilter@c6db00d, org.springframework.security.web.context.SecurityContextPersistenceFilter@379df603, org.springframework.security.web.header.HeaderWriterFilter@17d837ab, org.springframework.security.web.authentication.logout.LogoutFilter@20524816, org.springframework.security.oauth2.client.web.OAuth2AuthorizationRequestRedirectFilter@59d7d574, org.springframework.security.oauth2.client.web.OAuth2LoginAuthenticationFilter@3811464b, org.springframework.security.web.authentication.UsernamePasswordAuthenticationFilter@58dea0a7, org.springframework.security.web.authentication.ui.DefaultLoginPageGeneratingFilter@33de9d85, org.springframework.security.web.authentication.ui.DefaultLogoutPageGeneratingFilter@732fa176, org.springframework.security.web.savedrequest.RequestCacheAwareFilter@7fd3c38b, org.springframework.security.web.servletapi.SecurityContextHolderAwareRequestFilter@22195d06, org.springframework.security.web.authentication.AnonymousAuthenticationFilter@413e8246, org.springframework.security.web.session.SessionManagementFilter@6768dc74, org.springframework.security.web.access.ExceptionTranslationFilter@7fb2645b, org.springframework.security.web.access.intercept.FilterSecurityInterceptor@5cb4ba80]
24-03-2022 11:44:28.847 [main] INFO 
				o.s.b.a.e.web.EndpointLinksResolver.<init> - Exposing 4 endpoint(s) beneath base path '/actuator'
24-03-2022 11:44:28.883 [main] INFO 
				o.a.coyote.http11.Http11NioProtocol.log - Starting ProtocolHandler ["http-nio-8080"]
24-03-2022 11:44:28.900 [main] INFO 
				o.s.b.w.e.tomcat.TomcatWebServer.start - Tomcat started on port(s): 8080 (http) with context path ''
24-03-2022 11:44:28.910 [main] INFO 
				com.nnk.springboot.Application.logStarted - Started Application in 4.777 seconds (JVM running for 5.482)
24-03-2022 11:44:31.541 [RMI TCP Connection(3)-127.0.0.1] INFO 
				o.a.c.c.C.[Tomcat].[localhost].[/].log - Initializing Spring DispatcherServlet 'dispatcherServlet'
24-03-2022 11:44:31.541 [RMI TCP Connection(3)-127.0.0.1] INFO 
				o.s.web.servlet.DispatcherServlet.initServletBean - Initializing Servlet 'dispatcherServlet'
24-03-2022 11:44:31.542 [RMI TCP Connection(3)-127.0.0.1] INFO 
				o.s.web.servlet.DispatcherServlet.initServletBean - Completed initialization in 1 ms
24-03-2022 11:48:50.733 [http-nio-8080-exec-7] WARN 
				o.a.c.util.SessionIdGeneratorBase.log - Creation of SecureRandom instance for session ID generation using [SHA1PRNG] took [121] milliseconds.
24-03-2022 13:09:19.806 [RMI TCP Connection(91)-127.0.0.1] INFO 
				o.s.b.a.SpringApplicationAdminMXBeanRegistrar$SpringApplicationAdmin.shutdown - Application shutdown requested.
24-03-2022 13:09:19.931 [RMI TCP Connection(91)-127.0.0.1] INFO 
				o.s.o.j.LocalContainerEntityManagerFactoryBean.destroy - Closing JPA EntityManagerFactory for persistence unit 'default'
24-03-2022 13:09:19.933 [RMI TCP Connection(91)-127.0.0.1] INFO 
				com.zaxxer.hikari.HikariDataSource.close - HikariPool-1 - Shutdown initiated...
24-03-2022 13:09:19.935 [RMI TCP Connection(91)-127.0.0.1] INFO 
				com.zaxxer.hikari.HikariDataSource.close - HikariPool-1 - Shutdown completed.
24-03-2022 13:14:35.409 [background-preinit] INFO 
				o.h.validator.internal.util.Version.<clinit> - HV000001: Hibernate Validator 6.2.0.Final
24-03-2022 13:14:35.416 [main] INFO 
				com.nnk.springboot.Application.logStarting - Starting Application using Java 11 on DESKTOP-Q0H09QF with PID 2908 (C:\dev\P7\JavaDA_PROJECT7_RESTAPI\Poseiden-skeleton\target\classes started by Megaport in C:\dev\P7\JavaDA_PROJECT7_RESTAPI\Poseiden-skeleton)
24-03-2022 13:14:35.417 [main] INFO 
				com.nnk.springboot.Application.logStartupProfileInfo - The following profiles are active: dev
24-03-2022 13:14:36.244 [main] INFO 
				o.s.d.r.c.RepositoryConfigurationDelegate.registerRepositoriesIn - Bootstrapping Spring Data JPA repositories in DEFAULT mode.
24-03-2022 13:14:36.310 [main] INFO 
				o.s.d.r.c.RepositoryConfigurationDelegate.registerRepositoriesIn - Finished Spring Data repository scanning in 58 ms. Found 6 JPA repository interfaces.
24-03-2022 13:14:36.870 [main] INFO 
				o.s.b.w.e.tomcat.TomcatWebServer.initialize - Tomcat initialized with port(s): 8080 (http)
24-03-2022 13:14:36.879 [main] INFO 
				o.a.coyote.http11.Http11NioProtocol.log - Initializing ProtocolHandler ["http-nio-8080"]
24-03-2022 13:14:36.879 [main] INFO 
				o.a.catalina.core.StandardService.log - Starting service [Tomcat]
24-03-2022 13:14:36.879 [main] INFO 
				o.a.catalina.core.StandardEngine.log - Starting Servlet engine: [Apache Tomcat/9.0.55]
24-03-2022 13:14:36.972 [main] INFO 
				o.a.c.c.C.[Tomcat].[localhost].[/].log - Initializing Spring embedded WebApplicationContext
24-03-2022 13:14:36.972 [main] INFO 
				o.s.b.w.s.c.ServletWebServerApplicationContext.prepareWebApplicationContext - Root WebApplicationContext: initialization completed in 1521 ms
24-03-2022 13:14:37.248 [main] INFO 
				com.zaxxer.hikari.HikariDataSource.getConnection - HikariPool-1 - Starting...
24-03-2022 13:14:37.389 [main] INFO 
				com.zaxxer.hikari.HikariDataSource.getConnection - HikariPool-1 - Start completed.
24-03-2022 13:14:37.473 [main] INFO 
				o.h.jpa.internal.util.LogHelper.logPersistenceUnitInformation - HHH000204: Processing PersistenceUnitInfo [name: default]
24-03-2022 13:14:37.529 [main] INFO 
				org.hibernate.Version.logVersion - HHH000412: Hibernate ORM core version 5.6.1.Final
24-03-2022 13:14:37.660 [main] INFO 
				o.h.annotations.common.Version.<clinit> - HCANN000001: Hibernate Commons Annotations {5.1.2.Final}
24-03-2022 13:14:37.770 [main] INFO 
				org.hibernate.dialect.Dialect.<init> - HHH000400: Using dialect: org.hibernate.dialect.MySQL8Dialect
24-03-2022 13:14:38.386 [main] INFO 
				o.h.e.t.j.p.i.JtaPlatformInitiator.initiateService - HHH000490: Using JtaPlatform implementation: [org.hibernate.engine.transaction.jta.platform.internal.NoJtaPlatform]
24-03-2022 13:14:38.395 [main] INFO 
				o.s.o.j.LocalContainerEntityManagerFactoryBean.buildNativeEntityManagerFactory - Initialized JPA EntityManagerFactory for persistence unit 'default'
24-03-2022 13:14:38.472 [main] WARN 
				o.s.b.a.o.j.JpaBaseConfiguration$JpaWebConfiguration.openEntityManagerInViewInterceptor - spring.jpa.open-in-view is enabled by default. Therefore, database queries may be performed during view rendering. Explicitly configure spring.jpa.open-in-view to disable this warning
24-03-2022 13:14:39.078 [main] INFO 
				c.n.s.config.WebSecurityConfig.configure - in configure AUthenticationManagerBuilder
24-03-2022 13:14:39.127 [main] INFO 
				o.s.s.web.DefaultSecurityFilterChain.<init> - Will secure Ant [pattern='/css/**'] with []
24-03-2022 13:14:39.241 [main] INFO 
				o.s.s.web.DefaultSecurityFilterChain.<init> - Will secure any request with [org.springframework.security.web.context.request.async.WebAsyncManagerIntegrationFilter@7e44f989, org.springframework.security.web.context.SecurityContextPersistenceFilter@1e186006, org.springframework.security.web.header.HeaderWriterFilter@64710a6, org.springframework.security.web.authentication.logout.LogoutFilter@17d837ab, org.springframework.security.oauth2.client.web.OAuth2AuthorizationRequestRedirectFilter@7bfedfb7, org.springframework.security.oauth2.client.web.OAuth2LoginAuthenticationFilter@123d666b, org.springframework.security.web.authentication.UsernamePasswordAuthenticationFilter@1a7f2d34, org.springframework.security.web.authentication.ui.DefaultLoginPageGeneratingFilter@57cc0333, org.springframework.security.web.authentication.ui.DefaultLogoutPageGeneratingFilter@2d5b549b, org.springframework.security.web.savedrequest.RequestCacheAwareFilter@7a91027c, org.springframework.security.web.servletapi.SecurityContextHolderAwareRequestFilter@7fd7085d, org.springframework.security.web.authentication.AnonymousAuthenticationFilter@542c6165, org.springframework.security.web.session.SessionManagementFilter@2472ba04, org.springframework.security.web.access.ExceptionTranslationFilter@1d9cac6e, org.springframework.security.web.access.intercept.FilterSecurityInterceptor@76d220eb]
24-03-2022 13:14:40.133 [main] INFO 
				o.s.b.a.e.web.EndpointLinksResolver.<init> - Exposing 4 endpoint(s) beneath base path '/actuator'
24-03-2022 13:14:40.175 [main] INFO 
				o.a.coyote.http11.Http11NioProtocol.log - Starting ProtocolHandler ["http-nio-8080"]
24-03-2022 13:14:40.191 [main] INFO 
				o.s.b.w.e.tomcat.TomcatWebServer.start - Tomcat started on port(s): 8080 (http) with context path ''
24-03-2022 13:14:40.203 [main] INFO 
				com.nnk.springboot.Application.logStarted - Started Application in 5.045 seconds (JVM running for 5.806)
24-03-2022 13:14:40.661 [http-nio-8080-exec-1] INFO 
				o.a.c.c.C.[Tomcat].[localhost].[/].log - Initializing Spring DispatcherServlet 'dispatcherServlet'
24-03-2022 13:14:40.661 [http-nio-8080-exec-1] INFO 
				o.s.web.servlet.DispatcherServlet.initServletBean - Initializing Servlet 'dispatcherServlet'
24-03-2022 13:14:40.663 [http-nio-8080-exec-1] INFO 
				o.s.web.servlet.DispatcherServlet.initServletBean - Completed initialization in 2 ms
24-03-2022 13:14:40.828 [http-nio-8080-exec-1] WARN 
				o.a.c.util.SessionIdGeneratorBase.log - Creation of SecureRandom instance for session ID generation using [SHA1PRNG] took [136] milliseconds.
24-03-2022 13:16:09.263 [RMI TCP Connection(9)-127.0.0.1] INFO 
				o.s.b.a.SpringApplicationAdminMXBeanRegistrar$SpringApplicationAdmin.shutdown - Application shutdown requested.
24-03-2022 13:16:09.401 [RMI TCP Connection(9)-127.0.0.1] INFO 
				o.s.o.j.LocalContainerEntityManagerFactoryBean.destroy - Closing JPA EntityManagerFactory for persistence unit 'default'
24-03-2022 13:16:09.403 [RMI TCP Connection(9)-127.0.0.1] INFO 
				com.zaxxer.hikari.HikariDataSource.close - HikariPool-1 - Shutdown initiated...
24-03-2022 13:16:09.413 [RMI TCP Connection(9)-127.0.0.1] INFO 
				com.zaxxer.hikari.HikariDataSource.close - HikariPool-1 - Shutdown completed.
24-03-2022 13:16:12.150 [background-preinit] INFO 
				o.h.validator.internal.util.Version.<clinit> - HV000001: Hibernate Validator 6.2.0.Final
24-03-2022 13:16:12.158 [main] INFO 
				com.nnk.springboot.Application.logStarting - Starting Application using Java 11 on DESKTOP-Q0H09QF with PID 3320 (C:\dev\P7\JavaDA_PROJECT7_RESTAPI\Poseiden-skeleton\target\classes started by Megaport in C:\dev\P7\JavaDA_PROJECT7_RESTAPI\Poseiden-skeleton)
24-03-2022 13:16:12.160 [main] INFO 
				com.nnk.springboot.Application.logStartupProfileInfo - The following profiles are active: dev
24-03-2022 13:16:12.921 [main] INFO 
				o.s.d.r.c.RepositoryConfigurationDelegate.registerRepositoriesIn - Bootstrapping Spring Data JPA repositories in DEFAULT mode.
24-03-2022 13:16:12.989 [main] INFO 
				o.s.d.r.c.RepositoryConfigurationDelegate.registerRepositoriesIn - Finished Spring Data repository scanning in 59 ms. Found 6 JPA repository interfaces.
24-03-2022 13:16:13.493 [main] INFO 
				o.s.b.w.e.tomcat.TomcatWebServer.initialize - Tomcat initialized with port(s): 8080 (http)
24-03-2022 13:16:13.502 [main] INFO 
				o.a.coyote.http11.Http11NioProtocol.log - Initializing ProtocolHandler ["http-nio-8080"]
24-03-2022 13:16:13.502 [main] INFO 
				o.a.catalina.core.StandardService.log - Starting service [Tomcat]
24-03-2022 13:16:13.503 [main] INFO 
				o.a.catalina.core.StandardEngine.log - Starting Servlet engine: [Apache Tomcat/9.0.55]
24-03-2022 13:16:13.613 [main] INFO 
				o.a.c.c.C.[Tomcat].[localhost].[/].log - Initializing Spring embedded WebApplicationContext
24-03-2022 13:16:13.613 [main] INFO 
				o.s.b.w.s.c.ServletWebServerApplicationContext.prepareWebApplicationContext - Root WebApplicationContext: initialization completed in 1422 ms
24-03-2022 13:16:13.921 [main] INFO 
				com.zaxxer.hikari.HikariDataSource.getConnection - HikariPool-1 - Starting...
24-03-2022 13:16:14.056 [main] INFO 
				com.zaxxer.hikari.HikariDataSource.getConnection - HikariPool-1 - Start completed.
24-03-2022 13:16:14.143 [main] INFO 
				o.h.jpa.internal.util.LogHelper.logPersistenceUnitInformation - HHH000204: Processing PersistenceUnitInfo [name: default]
24-03-2022 13:16:14.202 [main] INFO 
				org.hibernate.Version.logVersion - HHH000412: Hibernate ORM core version 5.6.1.Final
24-03-2022 13:16:14.340 [main] INFO 
				o.h.annotations.common.Version.<clinit> - HCANN000001: Hibernate Commons Annotations {5.1.2.Final}
24-03-2022 13:16:14.448 [main] INFO 
				org.hibernate.dialect.Dialect.<init> - HHH000400: Using dialect: org.hibernate.dialect.MySQL8Dialect
24-03-2022 13:16:14.995 [main] INFO 
				o.h.e.t.j.p.i.JtaPlatformInitiator.initiateService - HHH000490: Using JtaPlatform implementation: [org.hibernate.engine.transaction.jta.platform.internal.NoJtaPlatform]
24-03-2022 13:16:15.003 [main] INFO 
				o.s.o.j.LocalContainerEntityManagerFactoryBean.buildNativeEntityManagerFactory - Initialized JPA EntityManagerFactory for persistence unit 'default'
24-03-2022 13:16:15.067 [main] WARN 
				o.s.b.a.o.j.JpaBaseConfiguration$JpaWebConfiguration.openEntityManagerInViewInterceptor - spring.jpa.open-in-view is enabled by default. Therefore, database queries may be performed during view rendering. Explicitly configure spring.jpa.open-in-view to disable this warning
24-03-2022 13:16:15.605 [main] INFO 
				c.n.s.config.WebSecurityConfig.configure - in configure AUthenticationManagerBuilder
24-03-2022 13:16:15.647 [main] INFO 
				o.s.s.web.DefaultSecurityFilterChain.<init> - Will secure Ant [pattern='/css/**'] with []
24-03-2022 13:16:15.760 [main] INFO 
				o.s.s.web.DefaultSecurityFilterChain.<init> - Will secure any request with [org.springframework.security.web.context.request.async.WebAsyncManagerIntegrationFilter@4c7b4a31, org.springframework.security.web.context.SecurityContextPersistenceFilter@7fd3c38b, org.springframework.security.web.header.HeaderWriterFilter@6768dc74, org.springframework.security.web.authentication.logout.LogoutFilter@1d208795, org.springframework.security.oauth2.client.web.OAuth2AuthorizationRequestRedirectFilter@3811464b, org.springframework.security.oauth2.client.web.OAuth2LoginAuthenticationFilter@732fa176, org.springframework.security.web.authentication.UsernamePasswordAuthenticationFilter@36c5a4b7, org.springframework.security.web.authentication.ui.DefaultLoginPageGeneratingFilter@bb160fb, org.springframework.security.web.authentication.ui.DefaultLogoutPageGeneratingFilter@2df7766b, org.springframework.security.web.savedrequest.RequestCacheAwareFilter@54faa040, org.springframework.security.web.servletapi.SecurityContextHolderAwareRequestFilter@c10f7a8, org.springframework.security.web.authentication.AnonymousAuthenticationFilter@235d46b2, org.springframework.security.web.session.SessionManagementFilter@16b713dd, org.springframework.security.web.access.ExceptionTranslationFilter@17b9c9ff, org.springframework.security.web.access.intercept.FilterSecurityInterceptor@2220c5f7]
24-03-2022 13:16:16.598 [main] INFO 
				o.s.b.a.e.web.EndpointLinksResolver.<init> - Exposing 4 endpoint(s) beneath base path '/actuator'
24-03-2022 13:16:16.635 [main] INFO 
				o.a.coyote.http11.Http11NioProtocol.log - Starting ProtocolHandler ["http-nio-8080"]
24-03-2022 13:16:16.678 [main] INFO 
				o.s.b.w.e.tomcat.TomcatWebServer.start - Tomcat started on port(s): 8080 (http) with context path ''
24-03-2022 13:16:16.693 [main] INFO 
				com.nnk.springboot.Application.logStarted - Started Application in 4.823 seconds (JVM running for 5.601)
24-03-2022 13:16:17.870 [http-nio-8080-exec-1] INFO 
				o.a.c.c.C.[Tomcat].[localhost].[/].log - Initializing Spring DispatcherServlet 'dispatcherServlet'
24-03-2022 13:16:17.870 [http-nio-8080-exec-1] INFO 
				o.s.web.servlet.DispatcherServlet.initServletBean - Initializing Servlet 'dispatcherServlet'
24-03-2022 13:16:17.871 [http-nio-8080-exec-1] INFO 
				o.s.web.servlet.DispatcherServlet.initServletBean - Completed initialization in 1 ms
24-03-2022 13:16:22.515 [http-nio-8080-exec-2] WARN 
				o.a.c.util.SessionIdGeneratorBase.log - Creation of SecureRandom instance for session ID generation using [SHA1PRNG] took [130] milliseconds.
24-03-2022 13:23:51.052 [RMI TCP Connection(15)-127.0.0.1] INFO 
				o.s.b.a.SpringApplicationAdminMXBeanRegistrar$SpringApplicationAdmin.shutdown - Application shutdown requested.
24-03-2022 13:23:51.173 [RMI TCP Connection(15)-127.0.0.1] INFO 
				o.s.o.j.LocalContainerEntityManagerFactoryBean.destroy - Closing JPA EntityManagerFactory for persistence unit 'default'
24-03-2022 13:23:51.175 [RMI TCP Connection(15)-127.0.0.1] INFO 
				com.zaxxer.hikari.HikariDataSource.close - HikariPool-1 - Shutdown initiated...
24-03-2022 13:23:51.185 [RMI TCP Connection(15)-127.0.0.1] INFO 
				com.zaxxer.hikari.HikariDataSource.close - HikariPool-1 - Shutdown completed.
24-03-2022 13:23:53.709 [background-preinit] INFO 
				o.h.validator.internal.util.Version.<clinit> - HV000001: Hibernate Validator 6.2.0.Final
24-03-2022 13:23:53.716 [main] INFO 
				com.nnk.springboot.Application.logStarting - Starting Application using Java 11 on DESKTOP-Q0H09QF with PID 13416 (C:\dev\P7\JavaDA_PROJECT7_RESTAPI\Poseiden-skeleton\target\classes started by Megaport in C:\dev\P7\JavaDA_PROJECT7_RESTAPI\Poseiden-skeleton)
24-03-2022 13:23:53.717 [main] INFO 
				com.nnk.springboot.Application.logStartupProfileInfo - The following profiles are active: dev
24-03-2022 13:23:54.462 [main] INFO 
				o.s.d.r.c.RepositoryConfigurationDelegate.registerRepositoriesIn - Bootstrapping Spring Data JPA repositories in DEFAULT mode.
24-03-2022 13:23:54.530 [main] INFO 
				o.s.d.r.c.RepositoryConfigurationDelegate.registerRepositoriesIn - Finished Spring Data repository scanning in 60 ms. Found 6 JPA repository interfaces.
24-03-2022 13:23:55.007 [main] INFO 
				o.s.b.w.e.tomcat.TomcatWebServer.initialize - Tomcat initialized with port(s): 8080 (http)
24-03-2022 13:23:55.015 [main] INFO 
				o.a.coyote.http11.Http11NioProtocol.log - Initializing ProtocolHandler ["http-nio-8080"]
24-03-2022 13:23:55.016 [main] INFO 
				o.a.catalina.core.StandardService.log - Starting service [Tomcat]
24-03-2022 13:23:55.016 [main] INFO 
				o.a.catalina.core.StandardEngine.log - Starting Servlet engine: [Apache Tomcat/9.0.55]
24-03-2022 13:23:55.109 [main] INFO 
				o.a.c.c.C.[Tomcat].[localhost].[/].log - Initializing Spring embedded WebApplicationContext
24-03-2022 13:23:55.109 [main] INFO 
				o.s.b.w.s.c.ServletWebServerApplicationContext.prepareWebApplicationContext - Root WebApplicationContext: initialization completed in 1362 ms
24-03-2022 13:23:55.377 [main] INFO 
				com.zaxxer.hikari.HikariDataSource.getConnection - HikariPool-1 - Starting...
24-03-2022 13:23:55.501 [main] INFO 
				com.zaxxer.hikari.HikariDataSource.getConnection - HikariPool-1 - Start completed.
24-03-2022 13:23:55.580 [main] INFO 
				o.h.jpa.internal.util.LogHelper.logPersistenceUnitInformation - HHH000204: Processing PersistenceUnitInfo [name: default]
24-03-2022 13:23:55.630 [main] INFO 
				org.hibernate.Version.logVersion - HHH000412: Hibernate ORM core version 5.6.1.Final
24-03-2022 13:23:55.761 [main] INFO 
				o.h.annotations.common.Version.<clinit> - HCANN000001: Hibernate Commons Annotations {5.1.2.Final}
24-03-2022 13:23:55.863 [main] INFO 
				org.hibernate.dialect.Dialect.<init> - HHH000400: Using dialect: org.hibernate.dialect.MySQL8Dialect
24-03-2022 13:23:56.411 [main] INFO 
				o.h.e.t.j.p.i.JtaPlatformInitiator.initiateService - HHH000490: Using JtaPlatform implementation: [org.hibernate.engine.transaction.jta.platform.internal.NoJtaPlatform]
24-03-2022 13:23:56.419 [main] INFO 
				o.s.o.j.LocalContainerEntityManagerFactoryBean.buildNativeEntityManagerFactory - Initialized JPA EntityManagerFactory for persistence unit 'default'
24-03-2022 13:23:56.485 [main] WARN 
				o.s.b.a.o.j.JpaBaseConfiguration$JpaWebConfiguration.openEntityManagerInViewInterceptor - spring.jpa.open-in-view is enabled by default. Therefore, database queries may be performed during view rendering. Explicitly configure spring.jpa.open-in-view to disable this warning
24-03-2022 13:23:57.019 [main] INFO 
				c.n.s.config.WebSecurityConfig.configure - in configure AUthenticationManagerBuilder
24-03-2022 13:23:57.063 [main] INFO 
				o.s.s.web.DefaultSecurityFilterChain.<init> - Will secure Ant [pattern='/css/**'] with []
24-03-2022 13:23:57.171 [main] INFO 
				o.s.s.web.DefaultSecurityFilterChain.<init> - Will secure any request with [org.springframework.security.web.context.request.async.WebAsyncManagerIntegrationFilter@162a5c4c, org.springframework.security.web.context.SecurityContextPersistenceFilter@22195d06, org.springframework.security.web.header.HeaderWriterFilter@58fb5b8f, org.springframework.security.web.authentication.logout.LogoutFilter@1d82d35c, org.springframework.security.oauth2.client.web.OAuth2AuthorizationRequestRedirectFilter@4c7b4a31, org.springframework.security.oauth2.client.web.OAuth2LoginAuthenticationFilter@1644cc2d, org.springframework.security.web.authentication.UsernamePasswordAuthenticationFilter@25814d3c, org.springframework.security.web.authentication.ui.DefaultLoginPageGeneratingFilter@1c0a4f87, org.springframework.security.web.authentication.ui.DefaultLogoutPageGeneratingFilter@5f0bf0ed, org.springframework.security.web.savedrequest.RequestCacheAwareFilter@c10f7a8, org.springframework.security.web.servletapi.SecurityContextHolderAwareRequestFilter@bb160fb, org.springframework.security.web.authentication.AnonymousAuthenticationFilter@6f9e6a85, org.springframework.security.web.session.SessionManagementFilter@27260f9c, org.springframework.security.web.access.ExceptionTranslationFilter@1a598e30, org.springframework.security.web.access.intercept.FilterSecurityInterceptor@7bfedfb7]
24-03-2022 13:23:57.958 [main] INFO 
				o.s.b.a.e.web.EndpointLinksResolver.<init> - Exposing 4 endpoint(s) beneath base path '/actuator'
24-03-2022 13:23:57.994 [main] INFO 
				o.a.coyote.http11.Http11NioProtocol.log - Starting ProtocolHandler ["http-nio-8080"]
24-03-2022 13:23:58.008 [main] INFO 
				o.s.b.w.e.tomcat.TomcatWebServer.start - Tomcat started on port(s): 8080 (http) with context path ''
24-03-2022 13:23:58.020 [main] INFO 
				com.nnk.springboot.Application.logStarted - Started Application in 4.566 seconds (JVM running for 5.276)
24-03-2022 13:23:59.975 [RMI TCP Connection(3)-127.0.0.1] INFO 
				o.a.c.c.C.[Tomcat].[localhost].[/].log - Initializing Spring DispatcherServlet 'dispatcherServlet'
24-03-2022 13:23:59.976 [RMI TCP Connection(3)-127.0.0.1] INFO 
				o.s.web.servlet.DispatcherServlet.initServletBean - Initializing Servlet 'dispatcherServlet'
24-03-2022 13:23:59.977 [RMI TCP Connection(3)-127.0.0.1] INFO 
				o.s.web.servlet.DispatcherServlet.initServletBean - Completed initialization in 1 ms
24-03-2022 13:48:04.498 [RMI TCP Connection(29)-127.0.0.1] INFO 
				o.s.b.a.SpringApplicationAdminMXBeanRegistrar$SpringApplicationAdmin.shutdown - Application shutdown requested.
24-03-2022 13:48:04.635 [RMI TCP Connection(29)-127.0.0.1] INFO 
				o.s.o.j.LocalContainerEntityManagerFactoryBean.destroy - Closing JPA EntityManagerFactory for persistence unit 'default'
24-03-2022 13:48:04.637 [RMI TCP Connection(29)-127.0.0.1] INFO 
				com.zaxxer.hikari.HikariDataSource.close - HikariPool-1 - Shutdown initiated...
24-03-2022 13:48:04.646 [RMI TCP Connection(29)-127.0.0.1] INFO 
				com.zaxxer.hikari.HikariDataSource.close - HikariPool-1 - Shutdown completed.
24-03-2022 13:48:07.271 [background-preinit] INFO 
				o.h.validator.internal.util.Version.<clinit> - HV000001: Hibernate Validator 6.2.0.Final
24-03-2022 13:48:07.277 [main] INFO 
				com.nnk.springboot.Application.logStarting - Starting Application using Java 11 on DESKTOP-Q0H09QF with PID 7480 (C:\dev\P7\JavaDA_PROJECT7_RESTAPI\Poseiden-skeleton\target\classes started by Megaport in C:\dev\P7\JavaDA_PROJECT7_RESTAPI\Poseiden-skeleton)
24-03-2022 13:48:07.279 [main] INFO 
				com.nnk.springboot.Application.logStartupProfileInfo - The following profiles are active: dev
24-03-2022 13:48:08.023 [main] INFO 
				o.s.d.r.c.RepositoryConfigurationDelegate.registerRepositoriesIn - Bootstrapping Spring Data JPA repositories in DEFAULT mode.
24-03-2022 13:48:08.095 [main] INFO 
				o.s.d.r.c.RepositoryConfigurationDelegate.registerRepositoriesIn - Finished Spring Data repository scanning in 65 ms. Found 6 JPA repository interfaces.
24-03-2022 13:48:08.607 [main] INFO 
				o.s.b.w.e.tomcat.TomcatWebServer.initialize - Tomcat initialized with port(s): 8080 (http)
24-03-2022 13:48:08.616 [main] INFO 
				o.a.coyote.http11.Http11NioProtocol.log - Initializing ProtocolHandler ["http-nio-8080"]
24-03-2022 13:48:08.616 [main] INFO 
				o.a.catalina.core.StandardService.log - Starting service [Tomcat]
24-03-2022 13:48:08.616 [main] INFO 
				o.a.catalina.core.StandardEngine.log - Starting Servlet engine: [Apache Tomcat/9.0.55]
24-03-2022 13:48:08.710 [main] INFO 
				o.a.c.c.C.[Tomcat].[localhost].[/].log - Initializing Spring embedded WebApplicationContext
24-03-2022 13:48:08.711 [main] INFO 
				o.s.b.w.s.c.ServletWebServerApplicationContext.prepareWebApplicationContext - Root WebApplicationContext: initialization completed in 1402 ms
24-03-2022 13:48:08.964 [main] INFO 
				com.zaxxer.hikari.HikariDataSource.getConnection - HikariPool-1 - Starting...
24-03-2022 13:48:09.081 [main] INFO 
				com.zaxxer.hikari.HikariDataSource.getConnection - HikariPool-1 - Start completed.
24-03-2022 13:48:09.157 [main] INFO 
				o.h.jpa.internal.util.LogHelper.logPersistenceUnitInformation - HHH000204: Processing PersistenceUnitInfo [name: default]
24-03-2022 13:48:09.201 [main] INFO 
				org.hibernate.Version.logVersion - HHH000412: Hibernate ORM core version 5.6.1.Final
24-03-2022 13:48:09.332 [main] INFO 
				o.h.annotations.common.Version.<clinit> - HCANN000001: Hibernate Commons Annotations {5.1.2.Final}
24-03-2022 13:48:09.429 [main] INFO 
				org.hibernate.dialect.Dialect.<init> - HHH000400: Using dialect: org.hibernate.dialect.MySQL8Dialect
24-03-2022 13:48:09.970 [main] INFO 
				o.h.e.t.j.p.i.JtaPlatformInitiator.initiateService - HHH000490: Using JtaPlatform implementation: [org.hibernate.engine.transaction.jta.platform.internal.NoJtaPlatform]
24-03-2022 13:48:09.978 [main] INFO 
				o.s.o.j.LocalContainerEntityManagerFactoryBean.buildNativeEntityManagerFactory - Initialized JPA EntityManagerFactory for persistence unit 'default'
24-03-2022 13:48:10.042 [main] WARN 
				o.s.b.a.o.j.JpaBaseConfiguration$JpaWebConfiguration.openEntityManagerInViewInterceptor - spring.jpa.open-in-view is enabled by default. Therefore, database queries may be performed during view rendering. Explicitly configure spring.jpa.open-in-view to disable this warning
24-03-2022 13:48:10.577 [main] INFO 
				c.n.s.config.WebSecurityConfig.configure - in configure AUthenticationManagerBuilder
24-03-2022 13:48:10.620 [main] INFO 
				o.s.s.web.DefaultSecurityFilterChain.<init> - Will secure Ant [pattern='/css/**'] with []
24-03-2022 13:48:10.730 [main] INFO 
				o.s.s.web.DefaultSecurityFilterChain.<init> - Will secure any request with [org.springframework.security.web.context.request.async.WebAsyncManagerIntegrationFilter@c6db00d, org.springframework.security.web.context.SecurityContextPersistenceFilter@379df603, org.springframework.security.web.header.HeaderWriterFilter@17d837ab, org.springframework.security.web.authentication.logout.LogoutFilter@20524816, org.springframework.security.oauth2.client.web.OAuth2AuthorizationRequestRedirectFilter@59d7d574, org.springframework.security.oauth2.client.web.OAuth2LoginAuthenticationFilter@3811464b, org.springframework.security.web.authentication.UsernamePasswordAuthenticationFilter@58dea0a7, org.springframework.security.web.authentication.ui.DefaultLoginPageGeneratingFilter@33de9d85, org.springframework.security.web.authentication.ui.DefaultLogoutPageGeneratingFilter@732fa176, org.springframework.security.web.savedrequest.RequestCacheAwareFilter@7fd3c38b, org.springframework.security.web.servletapi.SecurityContextHolderAwareRequestFilter@22195d06, org.springframework.security.web.authentication.AnonymousAuthenticationFilter@413e8246, org.springframework.security.web.session.SessionManagementFilter@6768dc74, org.springframework.security.web.access.ExceptionTranslationFilter@7fb2645b, org.springframework.security.web.access.intercept.FilterSecurityInterceptor@5cb4ba80]
24-03-2022 13:48:11.584 [main] INFO 
				o.s.b.a.e.web.EndpointLinksResolver.<init> - Exposing 4 endpoint(s) beneath base path '/actuator'
24-03-2022 13:48:11.621 [main] INFO 
				o.a.coyote.http11.Http11NioProtocol.log - Starting ProtocolHandler ["http-nio-8080"]
24-03-2022 13:48:11.635 [main] INFO 
				o.s.b.w.e.tomcat.TomcatWebServer.start - Tomcat started on port(s): 8080 (http) with context path ''
24-03-2022 13:48:11.644 [main] INFO 
				com.nnk.springboot.Application.logStarted - Started Application in 4.625 seconds (JVM running for 5.339)
24-03-2022 13:48:14.467 [RMI TCP Connection(3)-127.0.0.1] INFO 
				o.a.c.c.C.[Tomcat].[localhost].[/].log - Initializing Spring DispatcherServlet 'dispatcherServlet'
24-03-2022 13:48:14.467 [RMI TCP Connection(3)-127.0.0.1] INFO 
				o.s.web.servlet.DispatcherServlet.initServletBean - Initializing Servlet 'dispatcherServlet'
24-03-2022 13:48:14.468 [RMI TCP Connection(3)-127.0.0.1] INFO 
				o.s.web.servlet.DispatcherServlet.initServletBean - Completed initialization in 1 ms
24-03-2022 13:48:23.013 [http-nio-8080-exec-1] WARN 
				o.a.c.util.SessionIdGeneratorBase.log - Creation of SecureRandom instance for session ID generation using [SHA1PRNG] took [131] milliseconds.
